<?xml version="1.0" encoding="UTF-8"?>
<coverage generated="1775722157723" clover="3.2.0">
  <project timestamp="1775722157723" name="All files">
    <metrics statements="205" coveredstatements="184" conditionals="132" coveredconditionals="112" methods="132" coveredmethods="115" elements="469" coveredelements="411" complexity="0" loc="205" ncloc="205" packages="11" files="42" classes="42"/>
    <package name="src">
      <metrics statements="2" coveredstatements="2" conditionals="0" coveredconditionals="0" methods="1" coveredmethods="1"/>
      <file name="router.tsx" path="E:\Proj\clicking-up\clicking-up\apps\web\src\router.tsx">
        <metrics statements="2" coveredstatements="2" conditionals="0" coveredconditionals="0" methods="1" coveredmethods="1"/>
        <line num="11" count="8" type="stmt"/>
        <line num="13" count="8" type="stmt"/>
      </file>
    </package>
    <package name="src.app">
      <metrics statements="4" coveredstatements="4" conditionals="0" coveredconditionals="0" methods="3" coveredmethods="3"/>
      <file name="app.tsx" path="E:\Proj\clicking-up\clicking-up\apps\web\src\app\app.tsx">
        <metrics statements="4" coveredstatements="4" conditionals="0" coveredconditionals="0" methods="3" coveredmethods="3"/>
        <line num="6" count="21" type="stmt"/>
        <line num="8" count="7" type="stmt"/>
        <line num="9" count="7" type="stmt"/>
        <line num="12" count="7" type="stmt"/>
      </file>
    </package>
    <package name="src.components.board">
      <metrics statements="27" coveredstatements="19" conditionals="20" coveredconditionals="10" methods="15" coveredmethods="12"/>
      <file name="KanbanBoard.tsx" path="E:\Proj\clicking-up\clicking-up\apps\web\src\components\board\KanbanBoard.tsx">
        <metrics statements="15" coveredstatements="7" conditionals="8" coveredconditionals="0" methods="8" coveredmethods="5"/>
        <line num="13" count="3" type="stmt"/>
        <line num="21" count="15" type="stmt"/>
        <line num="22" count="15" type="stmt"/>
        <line num="24" count="5" type="stmt"/>
        <line num="29" count="0" type="stmt"/>
        <line num="30" count="0" type="cond" truecount="0" falsecount="2"/>
        <line num="32" count="0" type="stmt"/>
        <line num="33" count="0" type="stmt"/>
        <line num="36" count="0" type="cond" truecount="0" falsecount="2"/>
        <line num="37" count="0" type="stmt"/>
        <line num="38" count="0" type="cond" truecount="0" falsecount="4"/>
        <line num="39" count="0" type="stmt"/>
        <line num="44" count="5" type="stmt"/>
        <line num="53" count="20" type="stmt"/>
        <line num="57" count="200" type="stmt"/>
      </file>
      <file name="KanbanCard.tsx" path="E:\Proj\clicking-up\clicking-up\apps\web\src\components\board\KanbanCard.tsx">
        <metrics statements="6" coveredstatements="6" conditionals="8" coveredconditionals="7" methods="4" coveredmethods="4"/>
        <line num="13" count="153" type="stmt"/>
        <line num="17" count="52" type="stmt"/>
        <line num="20" count="52" type="stmt"/>
        <line num="25" count="52" type="stmt"/>
        <line num="27" count="52" type="stmt"/>
        <line num="48" count="97" type="stmt"/>
      </file>
      <file name="KanbanColumn.tsx" path="E:\Proj\clicking-up\clicking-up\apps\web\src\components\board\KanbanColumn.tsx">
        <metrics statements="6" coveredstatements="6" conditionals="4" coveredconditionals="3" methods="3" coveredmethods="3"/>
        <line num="13" count="4" type="stmt"/>
        <line num="20" count="4" type="stmt"/>
        <line num="28" count="22" type="stmt"/>
        <line num="30" count="22" type="stmt"/>
        <line num="59" count="52" type="stmt"/>
        <line num="62" count="52" type="stmt"/>
      </file>
    </package>
    <package name="src.components.dashboard">
      <metrics statements="22" coveredstatements="22" conditionals="13" coveredconditionals="12" methods="17" coveredmethods="17"/>
      <file name="ActivityFeed.tsx" path="E:\Proj\clicking-up\clicking-up\apps\web\src\components\dashboard\ActivityFeed.tsx">
        <metrics statements="3" coveredstatements="3" conditionals="0" coveredconditionals="0" methods="2" coveredmethods="2"/>
        <line num="3" count="3" type="stmt"/>
        <line num="12" count="8" type="stmt"/>
        <line num="17" count="40" type="stmt"/>
      </file>
      <file name="MetricCard.tsx" path="E:\Proj\clicking-up\clicking-up\apps\web\src\components\dashboard\MetricCard.tsx">
        <metrics statements="1" coveredstatements="1" conditionals="6" coveredconditionals="6" methods="1" coveredmethods="1"/>
        <line num="23" count="24" type="stmt"/>
      </file>
      <file name="PriorityFocus.tsx" path="E:\Proj\clicking-up\clicking-up\apps\web\src\components\dashboard\PriorityFocus.tsx">
        <metrics statements="7" coveredstatements="7" conditionals="7" coveredconditionals="6" methods="6" coveredmethods="6"/>
        <line num="8" count="56" type="stmt"/>
        <line num="12" count="24" type="stmt"/>
        <line num="13" count="8" type="stmt"/>
        <line num="14" count="80" type="cond" truecount="3" falsecount="0"/>
        <line num="17" count="8" type="stmt"/>
        <line num="22" count="24" type="stmt"/>
        <line num="23" count="24" type="stmt"/>
      </file>
      <file name="StatusChart.tsx" path="E:\Proj\clicking-up\clicking-up\apps\web\src\components\dashboard\StatusChart.tsx">
        <metrics statements="11" coveredstatements="11" conditionals="0" coveredconditionals="0" methods="8" coveredmethods="8"/>
        <line num="16" count="3" type="stmt"/>
        <line num="19" count="24" type="stmt"/>
        <line num="21" count="8" type="stmt"/>
        <line num="22" count="80" type="stmt"/>
        <line num="23" count="80" type="stmt"/>
        <line num="24" count="80" type="stmt"/>
        <line num="25" count="80" type="stmt"/>
        <line num="28" count="8" type="stmt"/>
        <line num="36" count="8" type="stmt"/>
        <line num="53" count="32" type="stmt"/>
        <line num="62" count="32" type="stmt"/>
      </file>
    </package>
    <package name="src.components.layout">
      <metrics statements="8" coveredstatements="8" conditionals="4" coveredconditionals="4" methods="8" coveredmethods="8"/>
      <file name="AppLayout.tsx" path="E:\Proj\clicking-up\clicking-up\apps\web\src\components\layout\AppLayout.tsx">
        <metrics statements="1" coveredstatements="1" conditionals="0" coveredconditionals="0" methods="1" coveredmethods="1"/>
        <line num="7" count="11" type="stmt"/>
      </file>
      <file name="BottomNav.tsx" path="E:\Proj\clicking-up\clicking-up\apps\web\src\components\layout\BottomNav.tsx">
        <metrics statements="3" coveredstatements="3" conditionals="2" coveredconditionals="2" methods="3" coveredmethods="3"/>
        <line num="5" count="13" type="stmt"/>
        <line num="11" count="52" type="stmt"/>
        <line num="15" count="52" type="stmt"/>
      </file>
      <file name="Sidebar.tsx" path="E:\Proj\clicking-up\clicking-up\apps\web\src\components\layout\Sidebar.tsx">
        <metrics statements="3" coveredstatements="3" conditionals="2" coveredconditionals="2" methods="3" coveredmethods="3"/>
        <line num="5" count="15" type="stmt"/>
        <line num="21" count="60" type="stmt"/>
        <line num="26" count="60" type="stmt"/>
      </file>
      <file name="TopBar.tsx" path="E:\Proj\clicking-up\clicking-up\apps\web\src\components\layout\TopBar.tsx">
        <metrics statements="1" coveredstatements="1" conditionals="0" coveredconditionals="0" methods="1" coveredmethods="1"/>
        <line num="5" count="15" type="stmt"/>
      </file>
    </package>
    <package name="src.components.tasks">
      <metrics statements="49" coveredstatements="44" conditionals="28" coveredconditionals="24" methods="29" coveredmethods="25"/>
      <file name="ActivityLog.tsx" path="E:\Proj\clicking-up\clicking-up\apps\web\src\components\tasks\ActivityLog.tsx">
        <metrics statements="3" coveredstatements="3" conditionals="0" coveredconditionals="0" methods="2" coveredmethods="2"/>
        <line num="5" count="4" type="stmt"/>
        <line num="13" count="5" type="stmt"/>
        <line num="16" count="20" type="stmt"/>
      </file>
      <file name="CommentBox.tsx" path="E:\Proj\clicking-up\clicking-up\apps\web\src\components\tasks\CommentBox.tsx">
        <metrics statements="11" coveredstatements="11" conditionals="6" coveredconditionals="4" methods="6" coveredmethods="6"/>
        <line num="15" count="29" type="stmt"/>
        <line num="16" count="29" type="stmt"/>
        <line num="18" count="29" type="stmt"/>
        <line num="19" count="1" type="cond" truecount="1" falsecount="1"/>
        <line num="20" count="1" type="stmt"/>
        <line num="26" count="1" type="stmt"/>
        <line num="27" count="1" type="stmt"/>
        <line num="30" count="29" type="stmt"/>
        <line num="36" count="1" type="stmt"/>
        <line num="53" count="22" type="stmt"/>
        <line num="54" count="22" type="cond" truecount="1" falsecount="1"/>
      </file>
      <file name="EfficiencyScoreCard.tsx" path="E:\Proj\clicking-up\clicking-up\apps\web\src\components\tasks\EfficiencyScoreCard.tsx">
        <metrics statements="1" coveredstatements="1" conditionals="2" coveredconditionals="2" methods="1" coveredmethods="1"/>
        <line num="11" count="68" type="stmt"/>
      </file>
      <file name="FeaturedTaskCard.tsx" path="E:\Proj\clicking-up\clicking-up\apps\web\src\components\tasks\FeaturedTaskCard.tsx">
        <metrics statements="1" coveredstatements="1" conditionals="4" coveredconditionals="4" methods="1" coveredmethods="1"/>
        <line num="14" count="25" type="stmt"/>
      </file>
      <file name="TaskCard.tsx" path="E:\Proj\clicking-up\clicking-up\apps\web\src\components\tasks\TaskCard.tsx">
        <metrics statements="2" coveredstatements="2" conditionals="4" coveredconditionals="4" methods="2" coveredmethods="2"/>
        <line num="14" count="68" type="stmt"/>
        <line num="29" count="128" type="stmt"/>
      </file>
      <file name="TaskForm.tsx" path="E:\Proj\clicking-up\clicking-up\apps\web\src\components\tasks\TaskForm.tsx">
        <metrics statements="18" coveredstatements="14" conditionals="2" coveredconditionals="1" methods="8" coveredmethods="4"/>
        <line num="15" count="49" type="stmt"/>
        <line num="16" count="16" type="stmt"/>
        <line num="17" count="16" type="stmt"/>
        <line num="18" count="16" type="stmt"/>
        <line num="19" count="16" type="stmt"/>
        <line num="20" count="16" type="stmt"/>
        <line num="21" count="16" type="stmt"/>
        <line num="23" count="16" type="stmt"/>
        <line num="24" count="1" type="stmt"/>
        <line num="25" count="1" type="cond" truecount="1" falsecount="1"/>
        <line num="26" count="1" type="stmt"/>
        <line num="35" count="1" type="stmt"/>
        <line num="38" count="16" type="stmt"/>
        <line num="58" count="0" type="stmt"/>
        <line num="70" count="0" type="stmt"/>
        <line num="83" count="0" type="stmt"/>
        <line num="99" count="0" type="stmt"/>
        <line num="103" count="80" type="stmt"/>
      </file>
      <file name="TaskModal.tsx" path="E:\Proj\clicking-up\clicking-up\apps\web\src\components\tasks\TaskModal.tsx">
        <metrics statements="13" coveredstatements="12" conditionals="10" coveredconditionals="9" methods="9" coveredmethods="9"/>
        <line num="13" count="8" type="stmt"/>
        <line num="16" count="3" type="stmt"/>
        <line num="24" count="4" type="stmt"/>
        <line num="25" count="4" type="stmt"/>
        <line num="26" count="24" type="stmt"/>
        <line num="28" count="4" type="cond" truecount="1" falsecount="1"/>
        <line num="29" count="0" type="stmt"/>
        <line num="36" count="4" type="stmt"/>
        <line num="38" count="4" type="stmt"/>
        <line num="56" count="1" type="stmt"/>
        <line num="79" count="16" type="stmt"/>
        <line num="84" count="16" type="stmt"/>
        <line num="154" count="8" type="stmt"/>
      </file>
    </package>
    <package name="src.components.ui">
      <metrics statements="26" coveredstatements="26" conditionals="31" coveredconditionals="31" methods="15" coveredmethods="15"/>
      <file name="Avatar.tsx" path="E:\Proj\clicking-up\clicking-up\apps\web\src\components\ui\Avatar.tsx">
        <metrics statements="2" coveredstatements="2" conditionals="5" coveredconditionals="5" methods="1" coveredmethods="1"/>
        <line num="1" count="14" type="stmt"/>
        <line num="25" count="215" type="stmt"/>
      </file>
      <file name="AvatarStack.tsx" path="E:\Proj\clicking-up\clicking-up\apps\web\src\components\ui\AvatarStack.tsx">
        <metrics statements="4" coveredstatements="4" conditionals="3" coveredconditionals="3" methods="2" coveredmethods="2"/>
        <line num="10" count="4" type="stmt"/>
        <line num="11" count="4" type="stmt"/>
        <line num="13" count="4" type="stmt"/>
        <line num="16" count="12" type="stmt"/>
      </file>
      <file name="Badge.tsx" path="E:\Proj\clicking-up\clicking-up\apps\web\src\components\ui\Badge.tsx">
        <metrics statements="1" coveredstatements="1" conditionals="1" coveredconditionals="1" methods="1" coveredmethods="1"/>
        <line num="11" count="286" type="stmt"/>
      </file>
      <file name="BaseButton.tsx" path="E:\Proj\clicking-up\clicking-up\apps\web\src\components\ui\BaseButton.tsx">
        <metrics statements="3" coveredstatements="3" conditionals="5" coveredconditionals="5" methods="1" coveredmethods="1"/>
        <line num="3" count="7" type="stmt"/>
        <line num="14" count="7" type="stmt"/>
        <line num="35" count="66" type="stmt"/>
      </file>
      <file name="BaseCard.tsx" path="E:\Proj\clicking-up\clicking-up\apps\web\src\components\ui\BaseCard.tsx">
        <metrics statements="2" coveredstatements="2" conditionals="2" coveredconditionals="2" methods="1" coveredmethods="1"/>
        <line num="3" count="11" type="stmt"/>
        <line num="26" count="268" type="stmt"/>
      </file>
      <file name="BaseInput.tsx" path="E:\Proj\clicking-up\clicking-up\apps\web\src\components\ui\BaseInput.tsx">
        <metrics statements="2" coveredstatements="2" conditionals="7" coveredconditionals="7" methods="2" coveredmethods="2"/>
        <line num="14" count="41" type="stmt"/>
        <line num="25" count="19" type="cond" truecount="2" falsecount="0"/>
      </file>
      <file name="FilterChip.tsx" path="E:\Proj\clicking-up\clicking-up\apps\web\src\components\ui\FilterChip.tsx">
        <metrics statements="1" coveredstatements="1" conditionals="2" coveredconditionals="2" methods="1" coveredmethods="1"/>
        <line num="8" count="109" type="stmt"/>
      </file>
      <file name="FormLabel.tsx" path="E:\Proj\clicking-up\clicking-up\apps\web\src\components\ui\FormLabel.tsx">
        <metrics statements="1" coveredstatements="1" conditionals="1" coveredconditionals="1" methods="1" coveredmethods="1"/>
        <line num="9" count="99" type="stmt"/>
      </file>
      <file name="PriorityBadge.tsx" path="E:\Proj\clicking-up\clicking-up\apps\web\src\components\ui\PriorityBadge.tsx">
        <metrics statements="3" coveredstatements="3" conditionals="0" coveredconditionals="0" methods="1" coveredmethods="1"/>
        <line num="4" count="10" type="stmt"/>
        <line num="32" count="178" type="stmt"/>
        <line num="33" count="178" type="stmt"/>
      </file>
      <file name="SearchBar.tsx" path="E:\Proj\clicking-up\clicking-up\apps\web\src\components\ui\SearchBar.tsx">
        <metrics statements="2" coveredstatements="2" conditionals="1" coveredconditionals="1" methods="2" coveredmethods="2"/>
        <line num="8" count="26" type="stmt"/>
        <line num="17" count="17" type="stmt"/>
      </file>
      <file name="StatusBadge.tsx" path="E:\Proj\clicking-up\clicking-up\apps\web\src\components\ui\StatusBadge.tsx">
        <metrics statements="3" coveredstatements="3" conditionals="0" coveredconditionals="0" methods="1" coveredmethods="1"/>
        <line num="4" count="7" type="stmt"/>
        <line num="28" count="104" type="stmt"/>
        <line num="29" count="104" type="stmt"/>
      </file>
      <file name="ThemeToggle.tsx" path="E:\Proj\clicking-up\clicking-up\apps\web\src\components\ui\ThemeToggle.tsx">
        <metrics statements="2" coveredstatements="2" conditionals="4" coveredconditionals="4" methods="1" coveredmethods="1"/>
        <line num="4" count="19" type="stmt"/>
        <line num="6" count="19" type="stmt"/>
      </file>
    </package>
    <package name="src.constants">
      <metrics statements="2" coveredstatements="2" conditionals="0" coveredconditionals="0" methods="0" coveredmethods="0"/>
      <file name="navigation.ts" path="E:\Proj\clicking-up\clicking-up\apps\web\src\constants\navigation.ts">
        <metrics statements="2" coveredstatements="2" conditionals="0" coveredconditionals="0" methods="0" coveredmethods="0"/>
        <line num="1" count="5" type="stmt"/>
        <line num="8" count="5" type="stmt"/>
      </file>
    </package>
    <package name="src.data">
      <metrics statements="2" coveredstatements="2" conditionals="0" coveredconditionals="0" methods="0" coveredmethods="0"/>
      <file name="mockTasks.ts" path="E:\Proj\clicking-up\clicking-up\apps\web\src\data\mockTasks.ts">
        <metrics statements="1" coveredstatements="1" conditionals="0" coveredconditionals="0" methods="0" coveredmethods="0"/>
        <line num="3" count="7" type="stmt"/>
      </file>
      <file name="mockUsers.ts" path="E:\Proj\clicking-up\clicking-up\apps\web\src\data\mockUsers.ts">
        <metrics statements="1" coveredstatements="1" conditionals="0" coveredconditionals="0" methods="0" coveredmethods="0"/>
        <line num="3" count="9" type="stmt"/>
      </file>
    </package>
    <package name="src.pages">
      <metrics statements="40" coveredstatements="37" conditionals="24" coveredconditionals="22" methods="28" coveredmethods="24"/>
      <file name="BoardPage.tsx" path="E:\Proj\clicking-up\clicking-up\apps\web\src\pages\BoardPage.tsx">
        <metrics statements="1" coveredstatements="1" conditionals="0" coveredconditionals="0" methods="1" coveredmethods="1"/>
        <line num="4" count="1" type="stmt"/>
      </file>
      <file name="BoardSettingsPage.tsx" path="E:\Proj\clicking-up\clicking-up\apps\web\src\pages\BoardSettingsPage.tsx">
        <metrics statements="6" coveredstatements="6" conditionals="4" coveredconditionals="4" methods="6" coveredmethods="4"/>
        <line num="7" count="3" type="stmt"/>
        <line num="9" count="3" type="stmt"/>
        <line num="17" count="2" type="stmt"/>
        <line num="53" count="8" type="stmt"/>
        <line num="74" count="10" type="stmt"/>
        <line num="98" count="8" type="stmt"/>
      </file>
      <file name="DashboardPage.tsx" path="E:\Proj\clicking-up\clicking-up\apps\web\src\pages\DashboardPage.tsx">
        <metrics statements="5" coveredstatements="5" conditionals="4" coveredconditionals="3" methods="4" coveredmethods="4"/>
        <line num="8" count="24" type="stmt"/>
        <line num="10" count="80" type="stmt"/>
        <line num="11" count="8" type="stmt"/>
        <line num="12" count="80" type="cond" truecount="2" falsecount="0"/>
        <line num="15" count="8" type="stmt"/>
      </file>
      <file name="LoginPage.tsx" path="E:\Proj\clicking-up\clicking-up\apps\web\src\pages\LoginPage.tsx">
        <metrics statements="5" coveredstatements="3" conditionals="0" coveredconditionals="0" methods="2" coveredmethods="1"/>
        <line num="4" count="4" type="stmt"/>
        <line num="6" count="4" type="stmt"/>
        <line num="7" count="0" type="stmt"/>
        <line num="8" count="0" type="stmt"/>
        <line num="11" count="4" type="stmt"/>
      </file>
      <file name="TaskListPage.tsx" path="E:\Proj\clicking-up\clicking-up\apps\web\src\pages\TaskListPage.tsx">
        <metrics statements="23" coveredstatements="22" conditionals="16" coveredconditionals="15" methods="15" coveredmethods="14"/>
        <line num="13" count="3" type="stmt"/>
        <line num="22" count="243" type="stmt"/>
        <line num="26" count="63" type="stmt"/>
        <line num="27" count="21" type="stmt"/>
        <line num="28" count="21" type="stmt"/>
        <line num="29" count="21" type="stmt"/>
        <line num="31" count="21" type="stmt"/>
        <line num="32" count="20" type="stmt"/>
        <line num="33" count="200" type="cond" truecount="4" falsecount="0"/>
        <line num="34" count="193" type="cond" truecount="2" falsecount="0"/>
        <line num="35" count="140" type="stmt"/>
        <line num="36" count="140" type="stmt"/>
        <line num="41" count="53" type="stmt"/>
        <line num="45" count="31" type="cond" truecount="2" falsecount="0"/>
        <line num="46" count="87" type="stmt"/>
        <line num="48" count="210" type="stmt"/>
        <line num="49" count="210" type="stmt"/>
        <line num="51" count="21" type="stmt"/>
        <line num="65" count="1" type="stmt"/>
        <line num="79" count="105" type="stmt"/>
        <line num="83" count="1" type="stmt"/>
        <line num="92" count="0" type="stmt"/>
        <line num="125" count="67" type="stmt"/>
      </file>
    </package>
    <package name="src.stores">
      <metrics statements="23" coveredstatements="18" conditionals="12" coveredconditionals="9" methods="16" coveredmethods="10"/>
      <file name="taskStore.ts" path="E:\Proj\clicking-up\clicking-up\apps\web\src\stores\taskStore.ts">
        <metrics statements="9" coveredstatements="7" conditionals="2" coveredconditionals="2" methods="11" coveredmethods="6"/>
        <line num="13" count="7" type="stmt"/>
        <line num="15" count="7" type="stmt"/>
        <line num="18" count="1" type="stmt"/>
        <line num="19" count="1" type="stmt"/>
        <line num="25" count="1" type="stmt"/>
        <line num="28" count="1" type="stmt"/>
        <line num="30" count="10" type="cond" truecount="2" falsecount="0"/>
        <line num="34" count="0" type="stmt"/>
        <line num="35" count="0" type="stmt"/>
      </file>
      <file name="themeStore.ts" path="E:\Proj\clicking-up\clicking-up\apps\web\src\stores\themeStore.ts">
        <metrics statements="14" coveredstatements="11" conditionals="10" coveredconditionals="7" methods="5" coveredmethods="4"/>
        <line num="11" count="5" type="stmt"/>
        <line num="12" count="5" type="cond" truecount="1" falsecount="1"/>
        <line num="13" count="5" type="stmt"/>
        <line num="14" count="5" type="cond" truecount="3" falsecount="1"/>
        <line num="15" count="5" type="cond" truecount="1" falsecount="1"/>
        <line num="20" count="5" type="stmt"/>
        <line num="23" count="2" type="stmt"/>
        <line num="24" count="2" type="cond" truecount="2" falsecount="0"/>
        <line num="25" count="2" type="stmt"/>
        <line num="26" count="2" type="stmt"/>
        <line num="27" count="2" type="stmt"/>
        <line num="30" count="0" type="stmt"/>
        <line num="31" count="0" type="stmt"/>
        <line num="32" count="0" type="stmt"/>
      </file>
    </package>
  </project>
</coverage>
