{"E:\\Proj\\clicking-up\\clicking-up\\apps\\web\\src\\router.tsx": {"path":"E:\\Proj\\clicking-up\\clicking-up\\apps\\web\\src\\router.tsx","statementMap":{"0":{"start":{"line":11,"column":8},"end":{"line":11,"column":32}},"1":{"start":{"line":13,"column":2},"end":{"line":22,"column":null}}},"fnMap":{"0":{"name":"AppRouter","decl":{"start":{"line":10,"column":16},"end":{"line":10,"column":28}},"loc":{"start":{"line":10,"column":28},"end":{"line":22,"column":null}},"line":10}},"branchMap":{},"s":{"0":8,"1":8},"f":{"0":8},"b":{},"meta":{"lastBranch":0,"lastFunction":1,"lastStatement":2,"seen":{"f:10:16:10:28":0,"s:11:8:11:32":0,"s:13:2:22:Infinity":1}}}
,"E:\\Proj\\clicking-up\\clicking-up\\apps\\web\\src\\app\\app.tsx": {"path":"E:\\Proj\\clicking-up\\clicking-up\\apps\\web\\src\\app\\app.tsx","statementMap":{"0":{"start":{"line":6,"column":8},"end":{"line":6,"column":45}},"1":{"start":{"line":6,"column":37},"end":{"line":6,"column":45}},"2":{"start":{"line":8,"column":2},"end":{"line":10,"column":null}},"3":{"start":{"line":9,"column":4},"end":{"line":9,"column":null}},"4":{"start":{"line":12,"column":2},"end":{"line":12,"column":null}}},"fnMap":{"0":{"name":"App","decl":{"start":{"line":5,"column":16},"end":{"line":5,"column":22}},"loc":{"start":{"line":5,"column":22},"end":{"line":12,"column":null}},"line":5},"1":{"name":"(anonymous_1)","decl":{"start":{"line":6,"column":16},"end":{"line":6,"column":31}},"loc":{"start":{"line":6,"column":37},"end":{"line":6,"column":45}},"line":6},"2":{"name":"(anonymous_2)","decl":{"start":{"line":8,"column":2},"end":{"line":8,"column":18}},"loc":{"start":{"line":8,"column":18},"end":{"line":10,"column":6}},"line":8}},"branchMap":{},"s":{"0":7,"1":21,"2":7,"3":7,"4":7},"f":{"0":7,"1":21,"2":7},"b":{},"meta":{"lastBranch":0,"lastFunction":3,"lastStatement":5,"seen":{"f:5:16:5:22":0,"s:6:8:6:45":0,"f:6:16:6:31":1,"s:6:37:6:45":1,"s:8:2:10:Infinity":2,"f:8:2:8:18":2,"s:9:4:9:Infinity":3,"s:12:2:12:Infinity":4}}}
,"E:\\Proj\\clicking-up\\clicking-up\\apps\\web\\src\\components\\board\\KanbanBoard.tsx": {"path":"E:\\Proj\\clicking-up\\clicking-up\\apps\\web\\src\\components\\board\\KanbanBoard.tsx","statementMap":{"0":{"start":{"line":13,"column":57},"end":{"line":18,"column":null}},"1":{"start":{"line":21,"column":8},"end":{"line":21,"column":44}},"2":{"start":{"line":21,"column":36},"end":{"line":21,"column":44}},"3":{"start":{"line":22,"column":8},"end":{"line":22,"column":54}},"4":{"start":{"line":22,"column":41},"end":{"line":22,"column":54}},"5":{"start":{"line":24,"column":8},"end":{"line":25,"column":null}},"6":{"start":{"line":29,"column":29},"end":{"line":29,"column":null}},"7":{"start":{"line":30,"column":4},"end":{"line":30,"column":null}},"8":{"start":{"line":30,"column":15},"end":{"line":30,"column":null}},"9":{"start":{"line":32,"column":19},"end":{"line":32,"column":null}},"10":{"start":{"line":33,"column":22},"end":{"line":33,"column":null}},"11":{"start":{"line":36,"column":4},"end":{"line":39,"column":null}},"12":{"start":{"line":36,"column":28},"end":{"line":36,"column":51}},"13":{"start":{"line":37,"column":19},"end":{"line":37,"column":53}},"14":{"start":{"line":37,"column":37},"end":{"line":37,"column":53}},"15":{"start":{"line":38,"column":6},"end":{"line":39,"column":null}},"16":{"start":{"line":39,"column":8},"end":{"line":39,"column":null}},"17":{"start":{"line":44,"column":2},"end":{"line":62,"column":null}},"18":{"start":{"line":53,"column":12},"end":{"line":58,"column":null}},"19":{"start":{"line":57,"column":41},"end":{"line":57,"column":null}}},"fnMap":{"0":{"name":"KanbanBoard","decl":{"start":{"line":20,"column":16},"end":{"line":20,"column":30}},"loc":{"start":{"line":20,"column":30},"end":{"line":62,"column":null}},"line":20},"1":{"name":"(anonymous_1)","decl":{"start":{"line":21,"column":16},"end":{"line":21,"column":30}},"loc":{"start":{"line":21,"column":36},"end":{"line":21,"column":44}},"line":21},"2":{"name":"(anonymous_2)","decl":{"start":{"line":22,"column":21},"end":{"line":22,"column":35}},"loc":{"start":{"line":22,"column":41},"end":{"line":22,"column":54}},"line":22},"3":{"name":"handleDragEnd","decl":{"start":{"line":28,"column":11},"end":{"line":28,"column":25}},"loc":{"start":{"line":28,"column":46},"end":{"line":39,"column":null}},"line":28},"4":{"name":"(anonymous_4)","decl":{"start":{"line":36,"column":16},"end":{"line":36,"column":22}},"loc":{"start":{"line":36,"column":28},"end":{"line":36,"column":51}},"line":36},"5":{"name":"(anonymous_5)","decl":{"start":{"line":37,"column":25},"end":{"line":37,"column":31}},"loc":{"start":{"line":37,"column":37},"end":{"line":37,"column":53}},"line":37},"6":{"name":"(anonymous_6)","decl":{"start":{"line":52,"column":19},"end":{"line":52,"column":24}},"loc":{"start":{"line":53,"column":12},"end":{"line":58,"column":null}},"line":53},"7":{"name":"(anonymous_7)","decl":{"start":{"line":57,"column":27},"end":{"line":57,"column":35}},"loc":{"start":{"line":57,"column":41},"end":{"line":57,"column":null}},"line":57}},"branchMap":{"0":{"loc":{"start":{"line":30,"column":4},"end":{"line":30,"column":null}},"type":"if","locations":[{"start":{"line":30,"column":4},"end":{"line":30,"column":null}},{"start":{},"end":{}}],"line":30},"1":{"loc":{"start":{"line":36,"column":4},"end":{"line":39,"column":null}},"type":"if","locations":[{"start":{"line":36,"column":4},"end":{"line":39,"column":null}},{"start":{},"end":{}}],"line":36},"2":{"loc":{"start":{"line":38,"column":6},"end":{"line":39,"column":null}},"type":"if","locations":[{"start":{"line":38,"column":6},"end":{"line":39,"column":null}},{"start":{},"end":{}}],"line":38},"3":{"loc":{"start":{"line":38,"column":10},"end":{"line":38,"column":45}},"type":"binary-expr","locations":[{"start":{"line":38,"column":10},"end":{"line":38,"column":18}},{"start":{"line":38,"column":18},"end":{"line":38,"column":45}}],"line":38}},"s":{"0":3,"1":5,"2":15,"3":5,"4":15,"5":5,"6":0,"7":0,"8":0,"9":0,"10":0,"11":0,"12":0,"13":0,"14":0,"15":0,"16":0,"17":5,"18":20,"19":200},"f":{"0":5,"1":15,"2":15,"3":0,"4":0,"5":0,"6":20,"7":200},"b":{"0":[0,0],"1":[0,0],"2":[0,0],"3":[0,0]},"meta":{"lastBranch":4,"lastFunction":8,"lastStatement":20,"seen":{"s:13:57:18:Infinity":0,"f:20:16:20:30":0,"s:21:8:21:44":1,"f:21:16:21:30":1,"s:21:36:21:44":2,"s:22:8:22:54":3,"f:22:21:22:35":2,"s:22:41:22:54":4,"s:24:8:25:Infinity":5,"f:28:11:28:25":3,"s:29:29:29:Infinity":6,"b:30:4:30:Infinity:undefined:undefined:undefined:undefined":0,"s:30:4:30:Infinity":7,"s:30:15:30:Infinity":8,"s:32:19:32:Infinity":9,"s:33:22:33:Infinity":10,"b:36:4:39:Infinity:undefined:undefined:undefined:undefined":1,"s:36:4:39:Infinity":11,"f:36:16:36:22":4,"s:36:28:36:51":12,"s:37:19:37:53":13,"f:37:25:37:31":5,"s:37:37:37:53":14,"b:38:6:39:Infinity:undefined:undefined:undefined:undefined":2,"s:38:6:39:Infinity":15,"b:38:10:38:18:38:18:38:45":3,"s:39:8:39:Infinity":16,"s:44:2:62:Infinity":17,"f:52:19:52:24":6,"s:53:12:58:Infinity":18,"f:57:27:57:35":7,"s:57:41:57:Infinity":19}}}
,"E:\\Proj\\clicking-up\\clicking-up\\apps\\web\\src\\components\\board\\KanbanCard.tsx": {"path":"E:\\Proj\\clicking-up\\clicking-up\\apps\\web\\src\\components\\board\\KanbanCard.tsx","statementMap":{"0":{"start":{"line":13,"column":2},"end":{"line":13,"column":null}},"1":{"start":{"line":13,"column":31},"end":{"line":13,"column":43}},"2":{"start":{"line":17,"column":68},"end":{"line":18,"column":32}},"3":{"start":{"line":20,"column":16},"end":{"line":23,"column":null}},"4":{"start":{"line":25,"column":19},"end":{"line":25,"column":47}},"5":{"start":{"line":27,"column":2},"end":{"line":66,"column":null}},"6":{"start":{"line":48,"column":10},"end":{"line":53,"column":null}}},"fnMap":{"0":{"name":"getUserById","decl":{"start":{"line":12,"column":9},"end":{"line":12,"column":21}},"loc":{"start":{"line":12,"column":33},"end":{"line":13,"column":null}},"line":12},"1":{"name":"(anonymous_1)","decl":{"start":{"line":13,"column":19},"end":{"line":13,"column":25}},"loc":{"start":{"line":13,"column":31},"end":{"line":13,"column":43}},"line":13},"2":{"name":"KanbanCard","decl":{"start":{"line":16,"column":16},"end":{"line":16,"column":27}},"loc":{"start":{"line":16,"column":54},"end":{"line":66,"column":null}},"line":16},"3":{"name":"(anonymous_3)","decl":{"start":{"line":47,"column":19},"end":{"line":47,"column":24}},"loc":{"start":{"line":48,"column":10},"end":{"line":53,"column":null}},"line":48}},"branchMap":{"0":{"loc":{"start":{"line":35,"column":8},"end":{"line":35,"column":null}},"type":"cond-expr","locations":[{"start":{"line":35,"column":21},"end":{"line":35,"column":46}},{"start":{"line":35,"column":46},"end":{"line":35,"column":null}}],"line":35},"1":{"loc":{"start":{"line":41,"column":7},"end":{"line":44,"column":null}},"type":"binary-expr","locations":[{"start":{"line":41,"column":7},"end":{"line":41,"column":null}},{"start":{"line":42,"column":8},"end":{"line":44,"column":null}}],"line":41},"2":{"loc":{"start":{"line":59,"column":11},"end":{"line":65,"column":null}},"type":"binary-expr","locations":[{"start":{"line":59,"column":11},"end":{"line":59,"column":null}},{"start":{"line":60,"column":12},"end":{"line":65,"column":null}}],"line":59},"3":{"loc":{"start":{"line":65,"column":11},"end":{"line":66,"column":null}},"type":"binary-expr","locations":[{"start":{"line":65,"column":11},"end":{"line":65,"column":null}},{"start":{"line":66,"column":12},"end":{"line":66,"column":null}}],"line":65}},"s":{"0":52,"1":153,"2":52,"3":52,"4":52,"5":52,"6":97},"f":{"0":52,"1":153,"2":52,"3":97},"b":{"0":[0,52],"1":[52,52],"2":[52,52],"3":[52,52]},"meta":{"lastBranch":4,"lastFunction":4,"lastStatement":7,"seen":{"f:12:9:12:21":0,"s:13:2:13:Infinity":0,"f:13:19:13:25":1,"s:13:31:13:43":1,"f:16:16:16:27":2,"s:17:68:18:32":2,"s:20:16:23:Infinity":3,"s:25:19:25:47":4,"s:27:2:66:Infinity":5,"b:35:21:35:46:35:46:35:Infinity":0,"b:41:7:41:Infinity:42:8:44:Infinity":1,"f:47:19:47:24":3,"s:48:10:53:Infinity":6,"b:59:11:59:Infinity:60:12:65:Infinity":2,"b:65:11:65:Infinity:66:12:66:Infinity":3}}}
,"E:\\Proj\\clicking-up\\clicking-up\\apps\\web\\src\\components\\board\\KanbanColumn.tsx": {"path":"E:\\Proj\\clicking-up\\clicking-up\\apps\\web\\src\\components\\board\\KanbanColumn.tsx","statementMap":{"0":{"start":{"line":13,"column":49},"end":{"line":18,"column":null}},"1":{"start":{"line":20,"column":46},"end":{"line":25,"column":null}},"2":{"start":{"line":28,"column":22},"end":{"line":28,"column":61}},"3":{"start":{"line":30,"column":2},"end":{"line":73,"column":null}},"4":{"start":{"line":59,"column":47},"end":{"line":59,"column":52}},"5":{"start":{"line":62,"column":12},"end":{"line":62,"column":null}}},"fnMap":{"0":{"name":"KanbanColumn","decl":{"start":{"line":27,"column":16},"end":{"line":27,"column":29}},"loc":{"start":{"line":27,"column":74},"end":{"line":73,"column":null}},"line":27},"1":{"name":"(anonymous_1)","decl":{"start":{"line":59,"column":36},"end":{"line":59,"column":41}},"loc":{"start":{"line":59,"column":47},"end":{"line":59,"column":52}},"line":59},"2":{"name":"(anonymous_2)","decl":{"start":{"line":61,"column":17},"end":{"line":61,"column":22}},"loc":{"start":{"line":62,"column":12},"end":{"line":62,"column":null}},"line":62}},"branchMap":{"0":{"loc":{"start":{"line":35,"column":8},"end":{"line":35,"column":null}},"type":"cond-expr","locations":[{"start":{"line":35,"column":17},"end":{"line":35,"column":44}},{"start":{"line":35,"column":44},"end":{"line":35,"column":null}}],"line":35},"1":{"loc":{"start":{"line":64,"column":11},"end":{"line":70,"column":null}},"type":"binary-expr","locations":[{"start":{"line":64,"column":11},"end":{"line":64,"column":null}},{"start":{"line":65,"column":12},"end":{"line":70,"column":null}}],"line":64}},"s":{"0":4,"1":4,"2":22,"3":22,"4":52,"5":52},"f":{"0":22,"1":52,"2":52},"b":{"0":[0,22],"1":[22,1]},"meta":{"lastBranch":2,"lastFunction":3,"lastStatement":6,"seen":{"s:13:49:18:Infinity":0,"s:20:46:25:Infinity":1,"f:27:16:27:29":0,"s:28:22:28:61":2,"s:30:2:73:Infinity":3,"b:35:17:35:44:35:44:35:Infinity":0,"f:59:36:59:41":1,"s:59:47:59:52":4,"f:61:17:61:22":2,"s:62:12:62:Infinity":5,"b:64:11:64:Infinity:65:12:70:Infinity":1}}}
,"E:\\Proj\\clicking-up\\clicking-up\\apps\\web\\src\\components\\dashboard\\ActivityFeed.tsx": {"path":"E:\\Proj\\clicking-up\\clicking-up\\apps\\web\\src\\components\\dashboard\\ActivityFeed.tsx","statementMap":{"0":{"start":{"line":3,"column":19},"end":{"line":9,"column":null}},"1":{"start":{"line":12,"column":2},"end":{"line":32,"column":null}},"2":{"start":{"line":17,"column":10},"end":{"line":29,"column":null}}},"fnMap":{"0":{"name":"ActivityFeed","decl":{"start":{"line":11,"column":16},"end":{"line":11,"column":31}},"loc":{"start":{"line":11,"column":31},"end":{"line":32,"column":null}},"line":11},"1":{"name":"(anonymous_1)","decl":{"start":{"line":16,"column":20},"end":{"line":16,"column":25}},"loc":{"start":{"line":17,"column":10},"end":{"line":29,"column":null}},"line":17}},"branchMap":{},"s":{"0":3,"1":8,"2":40},"f":{"0":8,"1":40},"b":{},"meta":{"lastBranch":0,"lastFunction":2,"lastStatement":3,"seen":{"s:3:19:9:Infinity":0,"f:11:16:11:31":0,"s:12:2:32:Infinity":1,"f:16:20:16:25":1,"s:17:10:29:Infinity":2}}}
,"E:\\Proj\\clicking-up\\clicking-up\\apps\\web\\src\\components\\dashboard\\MetricCard.tsx": {"path":"E:\\Proj\\clicking-up\\clicking-up\\apps\\web\\src\\components\\dashboard\\MetricCard.tsx","statementMap":{"0":{"start":{"line":23,"column":2},"end":{"line":45,"column":null}}},"fnMap":{"0":{"name":"MetricCard","decl":{"start":{"line":14,"column":16},"end":{"line":14,"column":27}},"loc":{"start":{"line":22,"column":20},"end":{"line":45,"column":null}},"line":22}},"branchMap":{"0":{"loc":{"start":{"line":33,"column":9},"end":{"line":42,"column":null}},"type":"binary-expr","locations":[{"start":{"line":33,"column":9},"end":{"line":33,"column":null}},{"start":{"line":34,"column":10},"end":{"line":42,"column":null}}],"line":33},"1":{"loc":{"start":{"line":36,"column":14},"end":{"line":36,"column":null}},"type":"cond-expr","locations":[{"start":{"line":36,"column":24},"end":{"line":36,"column":41}},{"start":{"line":36,"column":41},"end":{"line":36,"column":null}}],"line":36},"2":{"loc":{"start":{"line":40,"column":15},"end":{"line":40,"column":null}},"type":"cond-expr","locations":[{"start":{"line":40,"column":25},"end":{"line":40,"column":41}},{"start":{"line":40,"column":41},"end":{"line":40,"column":null}}],"line":40}},"s":{"0":24},"f":{"0":24},"b":{"0":[24,24],"1":[16,8],"2":[16,8]},"meta":{"lastBranch":3,"lastFunction":1,"lastStatement":1,"seen":{"f:14:16:14:27":0,"s:23:2:45:Infinity":0,"b:33:9:33:Infinity:34:10:42:Infinity":0,"b:36:24:36:41:36:41:36:Infinity":1,"b:40:25:40:41:40:41:40:Infinity":2}}}
,"E:\\Proj\\clicking-up\\clicking-up\\apps\\web\\src\\components\\dashboard\\PriorityFocus.tsx": {"path":"E:\\Proj\\clicking-up\\clicking-up\\apps\\web\\src\\components\\dashboard\\PriorityFocus.tsx","statementMap":{"0":{"start":{"line":8,"column":2},"end":{"line":8,"column":null}},"1":{"start":{"line":8,"column":31},"end":{"line":8,"column":43}},"2":{"start":{"line":12,"column":8},"end":{"line":12,"column":44}},"3":{"start":{"line":12,"column":36},"end":{"line":12,"column":44}},"4":{"start":{"line":13,"column":22},"end":{"line":15,"column":16}},"5":{"start":{"line":14,"column":13},"end":{"line":14,"column":93}},"6":{"start":{"line":17,"column":2},"end":{"line":49,"column":null}},"7":{"start":{"line":22,"column":27},"end":{"line":22,"column":55}},"8":{"start":{"line":23,"column":10},"end":{"line":42,"column":null}}},"fnMap":{"0":{"name":"getUserById","decl":{"start":{"line":7,"column":9},"end":{"line":7,"column":21}},"loc":{"start":{"line":7,"column":33},"end":{"line":8,"column":null}},"line":7},"1":{"name":"(anonymous_1)","decl":{"start":{"line":8,"column":19},"end":{"line":8,"column":25}},"loc":{"start":{"line":8,"column":31},"end":{"line":8,"column":43}},"line":8},"2":{"name":"PriorityFocus","decl":{"start":{"line":11,"column":16},"end":{"line":11,"column":32}},"loc":{"start":{"line":11,"column":32},"end":{"line":49,"column":null}},"line":11},"3":{"name":"(anonymous_3)","decl":{"start":{"line":12,"column":16},"end":{"line":12,"column":30}},"loc":{"start":{"line":12,"column":36},"end":{"line":12,"column":44}},"line":12},"4":{"name":"(anonymous_4)","decl":{"start":{"line":14,"column":5},"end":{"line":14,"column":13}},"loc":{"start":{"line":14,"column":13},"end":{"line":14,"column":93}},"line":14},"5":{"name":"(anonymous_5)","decl":{"start":{"line":21,"column":21},"end":{"line":21,"column":26}},"loc":{"start":{"line":21,"column":35},"end":{"line":44,"column":null}},"line":21}},"branchMap":{"0":{"loc":{"start":{"line":14,"column":13},"end":{"line":14,"column":93}},"type":"binary-expr","locations":[{"start":{"line":14,"column":20},"end":{"line":14,"column":47}},{"start":{"line":14,"column":47},"end":{"line":14,"column":73}},{"start":{"line":14,"column":73},"end":{"line":14,"column":93}}],"line":14},"1":{"loc":{"start":{"line":39,"column":15},"end":{"line":40,"column":null}},"type":"binary-expr","locations":[{"start":{"line":39,"column":15},"end":{"line":39,"column":null}},{"start":{"line":40,"column":16},"end":{"line":40,"column":null}}],"line":39},"2":{"loc":{"start":{"line":45,"column":9},"end":{"line":46,"column":null}},"type":"binary-expr","locations":[{"start":{"line":45,"column":9},"end":{"line":45,"column":null}},{"start":{"line":46,"column":10},"end":{"line":46,"column":null}}],"line":45}},"s":{"0":24,"1":56,"2":8,"3":24,"4":8,"5":80,"6":8,"7":24,"8":24},"f":{"0":24,"1":56,"2":8,"3":24,"4":80,"5":24},"b":{"0":[80,64,40],"1":[24,24],"2":[8,0]},"meta":{"lastBranch":3,"lastFunction":6,"lastStatement":9,"seen":{"f:7:9:7:21":0,"s:8:2:8:Infinity":0,"f:8:19:8:25":1,"s:8:31:8:43":1,"f:11:16:11:32":2,"s:12:8:12:44":2,"f:12:16:12:30":3,"s:12:36:12:44":3,"s:13:22:15:16":4,"f:14:5:14:13":4,"s:14:13:14:93":5,"b:14:20:14:47:14:47:14:73:14:73:14:93":0,"s:17:2:49:Infinity":6,"f:21:21:21:26":5,"s:22:27:22:55":7,"s:23:10:42:Infinity":8,"b:39:15:39:Infinity:40:16:40:Infinity":1,"b:45:9:45:Infinity:46:10:46:Infinity":2}}}
,"E:\\Proj\\clicking-up\\clicking-up\\apps\\web\\src\\components\\dashboard\\StatusChart.tsx": {"path":"E:\\Proj\\clicking-up\\clicking-up\\apps\\web\\src\\components\\dashboard\\StatusChart.tsx","statementMap":{"0":{"start":{"line":16,"column":19},"end":{"line":16,"column":null}},"1":{"start":{"line":19,"column":8},"end":{"line":19,"column":44}},"2":{"start":{"line":19,"column":36},"end":{"line":19,"column":44}},"3":{"start":{"line":21,"column":21},"end":{"line":26,"column":null}},"4":{"start":{"line":22,"column":48},"end":{"line":22,"column":68}},"5":{"start":{"line":23,"column":54},"end":{"line":23,"column":81}},"6":{"start":{"line":24,"column":49},"end":{"line":24,"column":71}},"7":{"start":{"line":25,"column":47},"end":{"line":25,"column":67}},"8":{"start":{"line":28,"column":23},"end":{"line":34,"column":null}},"9":{"start":{"line":36,"column":2},"end":{"line":88,"column":null}},"10":{"start":{"line":53,"column":18},"end":{"line":53,"column":null}},"11":{"start":{"line":62,"column":12},"end":{"line":70,"column":null}}},"fnMap":{"0":{"name":"StatusChart","decl":{"start":{"line":18,"column":16},"end":{"line":18,"column":30}},"loc":{"start":{"line":18,"column":30},"end":{"line":88,"column":null}},"line":18},"1":{"name":"(anonymous_1)","decl":{"start":{"line":19,"column":16},"end":{"line":19,"column":30}},"loc":{"start":{"line":19,"column":36},"end":{"line":19,"column":44}},"line":19},"2":{"name":"(anonymous_2)","decl":{"start":{"line":22,"column":34},"end":{"line":22,"column":42}},"loc":{"start":{"line":22,"column":48},"end":{"line":22,"column":68}},"line":22},"3":{"name":"(anonymous_3)","decl":{"start":{"line":23,"column":40},"end":{"line":23,"column":48}},"loc":{"start":{"line":23,"column":54},"end":{"line":23,"column":81}},"line":23},"4":{"name":"(anonymous_4)","decl":{"start":{"line":24,"column":35},"end":{"line":24,"column":43}},"loc":{"start":{"line":24,"column":49},"end":{"line":24,"column":71}},"line":24},"5":{"name":"(anonymous_5)","decl":{"start":{"line":25,"column":33},"end":{"line":25,"column":41}},"loc":{"start":{"line":25,"column":47},"end":{"line":25,"column":67}},"line":25},"6":{"name":"(anonymous_6)","decl":{"start":{"line":52,"column":28},"end":{"line":52,"column":33}},"loc":{"start":{"line":53,"column":18},"end":{"line":53,"column":null}},"line":53},"7":{"name":"(anonymous_7)","decl":{"start":{"line":61,"column":22},"end":{"line":61,"column":27}},"loc":{"start":{"line":62,"column":12},"end":{"line":70,"column":null}},"line":62}},"branchMap":{},"s":{"0":3,"1":8,"2":24,"3":8,"4":80,"5":80,"6":80,"7":80,"8":8,"9":8,"10":32,"11":32},"f":{"0":8,"1":24,"2":80,"3":80,"4":80,"5":80,"6":32,"7":32},"b":{},"meta":{"lastBranch":0,"lastFunction":8,"lastStatement":12,"seen":{"s:16:19:16:Infinity":0,"f:18:16:18:30":0,"s:19:8:19:44":1,"f:19:16:19:30":1,"s:19:36:19:44":2,"s:21:21:26:Infinity":3,"f:22:34:22:42":2,"s:22:48:22:68":4,"f:23:40:23:48":3,"s:23:54:23:81":5,"f:24:35:24:43":4,"s:24:49:24:71":6,"f:25:33:25:41":5,"s:25:47:25:67":7,"s:28:23:34:Infinity":8,"s:36:2:88:Infinity":9,"f:52:28:52:33":6,"s:53:18:53:Infinity":10,"f:61:22:61:27":7,"s:62:12:70:Infinity":11}}}
,"E:\\Proj\\clicking-up\\clicking-up\\apps\\web\\src\\components\\layout\\AppLayout.tsx": {"path":"E:\\Proj\\clicking-up\\clicking-up\\apps\\web\\src\\components\\layout\\AppLayout.tsx","statementMap":{"0":{"start":{"line":7,"column":2},"end":{"line":18,"column":null}}},"fnMap":{"0":{"name":"AppLayout","decl":{"start":{"line":6,"column":16},"end":{"line":6,"column":28}},"loc":{"start":{"line":6,"column":28},"end":{"line":18,"column":null}},"line":6}},"branchMap":{},"s":{"0":11},"f":{"0":11},"b":{},"meta":{"lastBranch":0,"lastFunction":1,"lastStatement":1,"seen":{"f:6:16:6:28":0,"s:7:2:18:Infinity":0}}}
,"E:\\Proj\\clicking-up\\clicking-up\\apps\\web\\src\\components\\layout\\BottomNav.tsx": {"path":"E:\\Proj\\clicking-up\\clicking-up\\apps\\web\\src\\components\\layout\\BottomNav.tsx","statementMap":{"0":{"start":{"line":5,"column":2},"end":{"line":28,"column":null}},"1":{"start":{"line":11,"column":8},"end":{"line":26,"column":null}},"2":{"start":{"line":15,"column":12},"end":{"line":18,"column":null}}},"fnMap":{"0":{"name":"BottomNav","decl":{"start":{"line":4,"column":16},"end":{"line":4,"column":28}},"loc":{"start":{"line":4,"column":28},"end":{"line":28,"column":null}},"line":4},"1":{"name":"(anonymous_1)","decl":{"start":{"line":10,"column":24},"end":{"line":10,"column":29}},"loc":{"start":{"line":11,"column":8},"end":{"line":26,"column":null}},"line":11},"2":{"name":"(anonymous_2)","decl":{"start":{"line":14,"column":10},"end":{"line":14,"column":22}},"loc":{"start":{"line":15,"column":12},"end":{"line":18,"column":null}},"line":15}},"branchMap":{"0":{"loc":{"start":{"line":16,"column":14},"end":{"line":18,"column":null}},"type":"cond-expr","locations":[{"start":{"line":17,"column":18},"end":{"line":17,"column":null}},{"start":{"line":18,"column":18},"end":{"line":18,"column":null}}],"line":16}},"s":{"0":13,"1":52,"2":52},"f":{"0":13,"1":52,"2":52},"b":{"0":[21,31]},"meta":{"lastBranch":1,"lastFunction":3,"lastStatement":3,"seen":{"f:4:16:4:28":0,"s:5:2:28:Infinity":0,"f:10:24:10:29":1,"s:11:8:26:Infinity":1,"f:14:10:14:22":2,"s:15:12:18:Infinity":2,"b:17:18:17:Infinity:18:18:18:Infinity":0}}}
,"E:\\Proj\\clicking-up\\clicking-up\\apps\\web\\src\\components\\layout\\Sidebar.tsx": {"path":"E:\\Proj\\clicking-up\\clicking-up\\apps\\web\\src\\components\\layout\\Sidebar.tsx","statementMap":{"0":{"start":{"line":5,"column":2},"end":{"line":50,"column":null}},"1":{"start":{"line":21,"column":10},"end":{"line":37,"column":null}},"2":{"start":{"line":26,"column":14},"end":{"line":29,"column":null}}},"fnMap":{"0":{"name":"Sidebar","decl":{"start":{"line":4,"column":16},"end":{"line":4,"column":26}},"loc":{"start":{"line":4,"column":26},"end":{"line":50,"column":null}},"line":4},"1":{"name":"(anonymous_1)","decl":{"start":{"line":20,"column":19},"end":{"line":20,"column":24}},"loc":{"start":{"line":21,"column":10},"end":{"line":37,"column":null}},"line":21},"2":{"name":"(anonymous_2)","decl":{"start":{"line":25,"column":12},"end":{"line":25,"column":24}},"loc":{"start":{"line":26,"column":14},"end":{"line":29,"column":null}},"line":26}},"branchMap":{"0":{"loc":{"start":{"line":27,"column":16},"end":{"line":29,"column":null}},"type":"cond-expr","locations":[{"start":{"line":28,"column":20},"end":{"line":28,"column":null}},{"start":{"line":29,"column":20},"end":{"line":29,"column":null}}],"line":27}},"s":{"0":15,"1":60,"2":60},"f":{"0":15,"1":60,"2":60},"b":{"0":[11,49]},"meta":{"lastBranch":1,"lastFunction":3,"lastStatement":3,"seen":{"f:4:16:4:26":0,"s:5:2:50:Infinity":0,"f:20:19:20:24":1,"s:21:10:37:Infinity":1,"f:25:12:25:24":2,"s:26:14:29:Infinity":2,"b:28:20:28:Infinity:29:20:29:Infinity":0}}}
,"E:\\Proj\\clicking-up\\clicking-up\\apps\\web\\src\\components\\layout\\TopBar.tsx": {"path":"E:\\Proj\\clicking-up\\clicking-up\\apps\\web\\src\\components\\layout\\TopBar.tsx","statementMap":{"0":{"start":{"line":5,"column":2},"end":{"line":32,"column":null}}},"fnMap":{"0":{"name":"TopBar","decl":{"start":{"line":4,"column":16},"end":{"line":4,"column":25}},"loc":{"start":{"line":4,"column":25},"end":{"line":32,"column":null}},"line":4}},"branchMap":{},"s":{"0":15},"f":{"0":15},"b":{},"meta":{"lastBranch":0,"lastFunction":1,"lastStatement":1,"seen":{"f:4:16:4:25":0,"s:5:2:32:Infinity":0}}}
,"E:\\Proj\\clicking-up\\clicking-up\\apps\\web\\src\\components\\tasks\\ActivityLog.tsx": {"path":"E:\\Proj\\clicking-up\\clicking-up\\apps\\web\\src\\components\\tasks\\ActivityLog.tsx","statementMap":{"0":{"start":{"line":5,"column":22},"end":{"line":10,"column":null}},"1":{"start":{"line":13,"column":2},"end":{"line":29,"column":null}},"2":{"start":{"line":16,"column":8},"end":{"line":27,"column":null}}},"fnMap":{"0":{"name":"ActivityLog","decl":{"start":{"line":12,"column":16},"end":{"line":12,"column":28}},"loc":{"start":{"line":12,"column":58},"end":{"line":29,"column":null}},"line":12},"1":{"name":"(anonymous_1)","decl":{"start":{"line":15,"column":21},"end":{"line":15,"column":26}},"loc":{"start":{"line":16,"column":8},"end":{"line":27,"column":null}},"line":16}},"branchMap":{},"s":{"0":4,"1":5,"2":20},"f":{"0":5,"1":20},"b":{},"meta":{"lastBranch":0,"lastFunction":2,"lastStatement":3,"seen":{"s:5:22:10:Infinity":0,"f:12:16:12:28":0,"s:13:2:29:Infinity":1,"f:15:21:15:26":1,"s:16:8:27:Infinity":2}}}
,"E:\\Proj\\clicking-up\\clicking-up\\apps\\web\\src\\components\\tasks\\CommentBox.tsx": {"path":"E:\\Proj\\clicking-up\\clicking-up\\apps\\web\\src\\components\\tasks\\CommentBox.tsx","statementMap":{"0":{"start":{"line":15,"column":19},"end":{"line":15,"column":57}},"1":{"start":{"line":16,"column":16},"end":{"line":16,"column":40}},"2":{"start":{"line":18,"column":8},"end":{"line":27,"column":null}},"3":{"start":{"line":19,"column":4},"end":{"line":19,"column":null}},"4":{"start":{"line":19,"column":23},"end":{"line":19,"column":null}},"5":{"start":{"line":20,"column":29},"end":{"line":25,"column":null}},"6":{"start":{"line":26,"column":4},"end":{"line":26,"column":null}},"7":{"start":{"line":26,"column":26},"end":{"line":26,"column":44}},"8":{"start":{"line":27,"column":4},"end":{"line":27,"column":null}},"9":{"start":{"line":30,"column":2},"end":{"line":64,"column":null}},"10":{"start":{"line":36,"column":12},"end":{"line":42,"column":null}},"11":{"start":{"line":53,"column":27},"end":{"line":53,"column":51}},"12":{"start":{"line":54,"column":28},"end":{"line":54,"column":63}}},"fnMap":{"0":{"name":"CommentBox","decl":{"start":{"line":14,"column":16},"end":{"line":14,"column":27}},"loc":{"start":{"line":14,"column":56},"end":{"line":64,"column":null}},"line":14},"1":{"name":"(anonymous_1)","decl":{"start":{"line":18,"column":8},"end":{"line":18,"column":29}},"loc":{"start":{"line":18,"column":29},"end":{"line":27,"column":null}},"line":18},"2":{"name":"(anonymous_2)","decl":{"start":{"line":26,"column":4},"end":{"line":26,"column":17}},"loc":{"start":{"line":26,"column":26},"end":{"line":26,"column":44}},"line":26},"3":{"name":"(anonymous_3)","decl":{"start":{"line":35,"column":20},"end":{"line":35,"column":25}},"loc":{"start":{"line":36,"column":12},"end":{"line":42,"column":null}},"line":36},"4":{"name":"(anonymous_4)","decl":{"start":{"line":53,"column":10},"end":{"line":53,"column":21}},"loc":{"start":{"line":53,"column":27},"end":{"line":53,"column":51}},"line":53},"5":{"name":"(anonymous_5)","decl":{"start":{"line":54,"column":10},"end":{"line":54,"column":22}},"loc":{"start":{"line":54,"column":28},"end":{"line":54,"column":63}},"line":54}},"branchMap":{"0":{"loc":{"start":{"line":19,"column":4},"end":{"line":19,"column":null}},"type":"if","locations":[{"start":{"line":19,"column":4},"end":{"line":19,"column":null}},{"start":{},"end":{}}],"line":19},"1":{"loc":{"start":{"line":33,"column":7},"end":{"line":48,"column":7}},"type":"binary-expr","locations":[{"start":{"line":33,"column":7},"end":{"line":33,"column":null}},{"start":{"line":34,"column":8},"end":{"line":48,"column":7}}],"line":33},"2":{"loc":{"start":{"line":54,"column":28},"end":{"line":54,"column":63}},"type":"binary-expr","locations":[{"start":{"line":54,"column":28},"end":{"line":54,"column":49}},{"start":{"line":54,"column":49},"end":{"line":54,"column":63}}],"line":54}},"s":{"0":29,"1":29,"2":29,"3":1,"4":0,"5":1,"6":1,"7":1,"8":1,"9":29,"10":1,"11":22,"12":22},"f":{"0":29,"1":1,"2":1,"3":1,"4":22,"5":22},"b":{"0":[0,1],"1":[29,1],"2":[22,0]},"meta":{"lastBranch":3,"lastFunction":6,"lastStatement":13,"seen":{"f:14:16:14:27":0,"s:15:19:15:57":0,"s:16:16:16:40":1,"s:18:8:27:Infinity":2,"f:18:8:18:29":1,"b:19:4:19:Infinity:undefined:undefined:undefined:undefined":0,"s:19:4:19:Infinity":3,"s:19:23:19:Infinity":4,"s:20:29:25:Infinity":5,"s:26:4:26:Infinity":6,"f:26:4:26:17":2,"s:26:26:26:44":7,"s:27:4:27:Infinity":8,"s:30:2:64:Infinity":9,"b:33:7:33:Infinity:34:8:48:7":1,"f:35:20:35:25":3,"s:36:12:42:Infinity":10,"f:53:10:53:21":4,"s:53:27:53:51":11,"f:54:10:54:22":5,"s:54:28:54:63":12,"b:54:28:54:49:54:49:54:63":2}}}
,"E:\\Proj\\clicking-up\\clicking-up\\apps\\web\\src\\components\\tasks\\EfficiencyScoreCard.tsx": {"path":"E:\\Proj\\clicking-up\\clicking-up\\apps\\web\\src\\components\\tasks\\EfficiencyScoreCard.tsx","statementMap":{"0":{"start":{"line":11,"column":2},"end":{"line":25,"column":null}}},"fnMap":{"0":{"name":"EfficiencyScoreCard","decl":{"start":{"line":10,"column":16},"end":{"line":10,"column":36}},"loc":{"start":{"line":10,"column":93},"end":{"line":25,"column":null}},"line":10}},"branchMap":{"0":{"loc":{"start":{"line":24,"column":7},"end":{"line":25,"column":null}},"type":"binary-expr","locations":[{"start":{"line":24,"column":7},"end":{"line":24,"column":null}},{"start":{"line":25,"column":8},"end":{"line":25,"column":null}}],"line":24}},"s":{"0":68},"f":{"0":68},"b":{"0":[68,22]},"meta":{"lastBranch":1,"lastFunction":1,"lastStatement":1,"seen":{"f:10:16:10:36":0,"s:11:2:25:Infinity":0,"b:24:7:24:Infinity:25:8:25:Infinity":0}}}
,"E:\\Proj\\clicking-up\\clicking-up\\apps\\web\\src\\components\\tasks\\FeaturedTaskCard.tsx": {"path":"E:\\Proj\\clicking-up\\clicking-up\\apps\\web\\src\\components\\tasks\\FeaturedTaskCard.tsx","statementMap":{"0":{"start":{"line":14,"column":2},"end":{"line":43,"column":null}}},"fnMap":{"0":{"name":"FeaturedTaskCard","decl":{"start":{"line":13,"column":16},"end":{"line":13,"column":33}},"loc":{"start":{"line":13,"column":76},"end":{"line":43,"column":null}},"line":13}},"branchMap":{"0":{"loc":{"start":{"line":36,"column":11},"end":{"line":42,"column":null}},"type":"binary-expr","locations":[{"start":{"line":36,"column":11},"end":{"line":36,"column":null}},{"start":{"line":37,"column":12},"end":{"line":42,"column":null}}],"line":36},"1":{"loc":{"start":{"line":42,"column":11},"end":{"line":43,"column":null}},"type":"binary-expr","locations":[{"start":{"line":42,"column":11},"end":{"line":42,"column":null}},{"start":{"line":43,"column":12},"end":{"line":43,"column":null}}],"line":42}},"s":{"0":25},"f":{"0":25},"b":{"0":[25,25],"1":[25,24]},"meta":{"lastBranch":2,"lastFunction":1,"lastStatement":1,"seen":{"f:13:16:13:33":0,"s:14:2:43:Infinity":0,"b:36:11:36:Infinity:37:12:42:Infinity":0,"b:42:11:42:Infinity:43:12:43:Infinity":1}}}
,"E:\\Proj\\clicking-up\\clicking-up\\apps\\web\\src\\components\\tasks\\TaskCard.tsx": {"path":"E:\\Proj\\clicking-up\\clicking-up\\apps\\web\\src\\components\\tasks\\TaskCard.tsx","statementMap":{"0":{"start":{"line":14,"column":2},"end":{"line":54,"column":null}},"1":{"start":{"line":29,"column":10},"end":{"line":34,"column":null}}},"fnMap":{"0":{"name":"TaskCard","decl":{"start":{"line":13,"column":16},"end":{"line":13,"column":25}},"loc":{"start":{"line":13,"column":60},"end":{"line":54,"column":null}},"line":13},"1":{"name":"(anonymous_1)","decl":{"start":{"line":28,"column":19},"end":{"line":28,"column":24}},"loc":{"start":{"line":29,"column":10},"end":{"line":34,"column":null}},"line":29}},"branchMap":{"0":{"loc":{"start":{"line":41,"column":11},"end":{"line":47,"column":null}},"type":"binary-expr","locations":[{"start":{"line":41,"column":11},"end":{"line":41,"column":null}},{"start":{"line":42,"column":12},"end":{"line":47,"column":null}}],"line":41},"1":{"loc":{"start":{"line":47,"column":11},"end":{"line":54,"column":null}},"type":"binary-expr","locations":[{"start":{"line":47,"column":11},"end":{"line":47,"column":null}},{"start":{"line":48,"column":12},"end":{"line":54,"column":null}}],"line":47}},"s":{"0":68,"1":128},"f":{"0":68,"1":128},"b":{"0":[68,68],"1":[68,68]},"meta":{"lastBranch":2,"lastFunction":2,"lastStatement":2,"seen":{"f:13:16:13:25":0,"s:14:2:54:Infinity":0,"f:28:19:28:24":1,"s:29:10:34:Infinity":1,"b:41:11:41:Infinity:42:12:47:Infinity":0,"b:47:11:47:Infinity:48:12:54:Infinity":1}}}
,"E:\\Proj\\clicking-up\\clicking-up\\apps\\web\\src\\components\\tasks\\TaskForm.tsx": {"path":"E:\\Proj\\clicking-up\\clicking-up\\apps\\web\\src\\components\\tasks\\TaskForm.tsx","statementMap":{"0":{"start":{"line":15,"column":8},"end":{"line":15,"column":48}},"1":{"start":{"line":15,"column":38},"end":{"line":15,"column":48}},"2":{"start":{"line":16,"column":16},"end":{"line":16,"column":40}},"3":{"start":{"line":17,"column":22},"end":{"line":17,"column":52}},"4":{"start":{"line":18,"column":17},"end":{"line":18,"column":58}},"5":{"start":{"line":19,"column":19},"end":{"line":19,"column":66}},"6":{"start":{"line":20,"column":21},"end":{"line":20,"column":63}},"7":{"start":{"line":21,"column":18},"end":{"line":21,"column":44}},"8":{"start":{"line":23,"column":8},"end":{"line":35,"column":null}},"9":{"start":{"line":24,"column":4},"end":{"line":24,"column":null}},"10":{"start":{"line":25,"column":4},"end":{"line":25,"column":null}},"11":{"start":{"line":25,"column":23},"end":{"line":25,"column":null}},"12":{"start":{"line":26,"column":4},"end":{"line":34,"column":null}},"13":{"start":{"line":35,"column":4},"end":{"line":35,"column":null}},"14":{"start":{"line":38,"column":2},"end":{"line":126,"column":null}},"15":{"start":{"line":58,"column":29},"end":{"line":58,"column":59}},"16":{"start":{"line":70,"column":31},"end":{"line":70,"column":70}},"17":{"start":{"line":83,"column":31},"end":{"line":83,"column":74}},"18":{"start":{"line":99,"column":31},"end":{"line":99,"column":60}},"19":{"start":{"line":103,"column":16},"end":{"line":103,"column":null}}},"fnMap":{"0":{"name":"TaskForm","decl":{"start":{"line":14,"column":16},"end":{"line":14,"column":25}},"loc":{"start":{"line":14,"column":53},"end":{"line":126,"column":null}},"line":14},"1":{"name":"(anonymous_1)","decl":{"start":{"line":15,"column":18},"end":{"line":15,"column":32}},"loc":{"start":{"line":15,"column":38},"end":{"line":15,"column":48}},"line":15},"2":{"name":"(anonymous_2)","decl":{"start":{"line":23,"column":8},"end":{"line":23,"column":24}},"loc":{"start":{"line":23,"column":47},"end":{"line":35,"column":null}},"line":23},"3":{"name":"(anonymous_3)","decl":{"start":{"line":58,"column":12},"end":{"line":58,"column":23}},"loc":{"start":{"line":58,"column":29},"end":{"line":58,"column":59}},"line":58},"4":{"name":"(anonymous_4)","decl":{"start":{"line":70,"column":14},"end":{"line":70,"column":25}},"loc":{"start":{"line":70,"column":31},"end":{"line":70,"column":70}},"line":70},"5":{"name":"(anonymous_5)","decl":{"start":{"line":83,"column":14},"end":{"line":83,"column":25}},"loc":{"start":{"line":83,"column":31},"end":{"line":83,"column":74}},"line":83},"6":{"name":"(anonymous_6)","decl":{"start":{"line":99,"column":14},"end":{"line":99,"column":25}},"loc":{"start":{"line":99,"column":31},"end":{"line":99,"column":60}},"line":99},"7":{"name":"(anonymous_7)","decl":{"start":{"line":102,"column":25},"end":{"line":102,"column":30}},"loc":{"start":{"line":103,"column":16},"end":{"line":103,"column":null}},"line":103}},"branchMap":{"0":{"loc":{"start":{"line":25,"column":4},"end":{"line":25,"column":null}},"type":"if","locations":[{"start":{"line":25,"column":4},"end":{"line":25,"column":null}},{"start":{},"end":{}}],"line":25}},"s":{"0":16,"1":49,"2":16,"3":16,"4":16,"5":16,"6":16,"7":16,"8":16,"9":1,"10":1,"11":0,"12":1,"13":1,"14":16,"15":0,"16":0,"17":0,"18":0,"19":80},"f":{"0":16,"1":49,"2":1,"3":0,"4":0,"5":0,"6":0,"7":80},"b":{"0":[0,1]},"meta":{"lastBranch":1,"lastFunction":8,"lastStatement":20,"seen":{"f:14:16:14:25":0,"s:15:8:15:48":0,"f:15:18:15:32":1,"s:15:38:15:48":1,"s:16:16:16:40":2,"s:17:22:17:52":3,"s:18:17:18:58":4,"s:19:19:19:66":5,"s:20:21:20:63":6,"s:21:18:21:44":7,"s:23:8:35:Infinity":8,"f:23:8:23:24":2,"s:24:4:24:Infinity":9,"b:25:4:25:Infinity:undefined:undefined:undefined:undefined":0,"s:25:4:25:Infinity":10,"s:25:23:25:Infinity":11,"s:26:4:34:Infinity":12,"s:35:4:35:Infinity":13,"s:38:2:126:Infinity":14,"f:58:12:58:23":3,"s:58:29:58:59":15,"f:70:14:70:25":4,"s:70:31:70:70":16,"f:83:14:83:25":5,"s:83:31:83:74":17,"f:99:14:99:25":6,"s:99:31:99:60":18,"f:102:25:102:30":7,"s:103:16:103:Infinity":19}}}
,"E:\\Proj\\clicking-up\\clicking-up\\apps\\web\\src\\components\\tasks\\TaskModal.tsx": {"path":"E:\\Proj\\clicking-up\\clicking-up\\apps\\web\\src\\components\\tasks\\TaskModal.tsx","statementMap":{"0":{"start":{"line":13,"column":2},"end":{"line":13,"column":null}},"1":{"start":{"line":13,"column":31},"end":{"line":13,"column":43}},"2":{"start":{"line":16,"column":24},"end":{"line":21,"column":null}},"3":{"start":{"line":24,"column":10},"end":{"line":24,"column":44}},"4":{"start":{"line":25,"column":8},"end":{"line":25,"column":32}},"5":{"start":{"line":26,"column":8},"end":{"line":26,"column":68}},"6":{"start":{"line":26,"column":35},"end":{"line":26,"column":67}},"7":{"start":{"line":26,"column":55},"end":{"line":26,"column":67}},"8":{"start":{"line":28,"column":2},"end":{"line":32,"column":null}},"9":{"start":{"line":29,"column":4},"end":{"line":32,"column":null}},"10":{"start":{"line":36,"column":19},"end":{"line":36,"column":47}},"11":{"start":{"line":38,"column":2},"end":{"line":165,"column":null}},"12":{"start":{"line":56,"column":25},"end":{"line":56,"column":37}},"13":{"start":{"line":79,"column":68},"end":{"line":79,"column":75}},"14":{"start":{"line":84,"column":18},"end":{"line":91,"column":null}},"15":{"start":{"line":154,"column":20},"end":{"line":159,"column":null}}},"fnMap":{"0":{"name":"getUserById","decl":{"start":{"line":12,"column":9},"end":{"line":12,"column":21}},"loc":{"start":{"line":12,"column":33},"end":{"line":13,"column":null}},"line":12},"1":{"name":"(anonymous_1)","decl":{"start":{"line":13,"column":19},"end":{"line":13,"column":25}},"loc":{"start":{"line":13,"column":31},"end":{"line":13,"column":43}},"line":13},"2":{"name":"TaskModal","decl":{"start":{"line":23,"column":16},"end":{"line":23,"column":28}},"loc":{"start":{"line":23,"column":28},"end":{"line":165,"column":null}},"line":23},"3":{"name":"(anonymous_3)","decl":{"start":{"line":26,"column":15},"end":{"line":26,"column":29}},"loc":{"start":{"line":26,"column":35},"end":{"line":26,"column":67}},"line":26},"4":{"name":"(anonymous_4)","decl":{"start":{"line":26,"column":43},"end":{"line":26,"column":49}},"loc":{"start":{"line":26,"column":55},"end":{"line":26,"column":67}},"line":26},"5":{"name":"(anonymous_5)","decl":{"start":{"line":56,"column":10},"end":{"line":56,"column":25}},"loc":{"start":{"line":56,"column":25},"end":{"line":56,"column":37}},"line":56},"6":{"name":"(anonymous_6)","decl":{"start":{"line":79,"column":54},"end":{"line":79,"column":62}},"loc":{"start":{"line":79,"column":68},"end":{"line":79,"column":75}},"line":79},"7":{"name":"(anonymous_7)","decl":{"start":{"line":83,"column":33},"end":{"line":83,"column":38}},"loc":{"start":{"line":84,"column":18},"end":{"line":91,"column":null}},"line":84},"8":{"name":"(anonymous_8)","decl":{"start":{"line":153,"column":29},"end":{"line":153,"column":34}},"loc":{"start":{"line":154,"column":20},"end":{"line":159,"column":null}},"line":154}},"branchMap":{"0":{"loc":{"start":{"line":28,"column":2},"end":{"line":32,"column":null}},"type":"if","locations":[{"start":{"line":28,"column":2},"end":{"line":32,"column":null}},{"start":{},"end":{}}],"line":28},"1":{"loc":{"start":{"line":85,"column":76},"end":{"line":85,"column":null}},"type":"cond-expr","locations":[{"start":{"line":85,"column":88},"end":{"line":85,"column":105}},{"start":{"line":85,"column":105},"end":{"line":85,"column":null}}],"line":85},"2":{"loc":{"start":{"line":86,"column":23},"end":{"line":86,"column":null}},"type":"cond-expr","locations":[{"start":{"line":86,"column":35},"end":{"line":86,"column":49}},{"start":{"line":86,"column":49},"end":{"line":86,"column":null}}],"line":86},"3":{"loc":{"start":{"line":88,"column":48},"end":{"line":88,"column":null}},"type":"cond-expr","locations":[{"start":{"line":88,"column":60},"end":{"line":88,"column":101}},{"start":{"line":88,"column":101},"end":{"line":88,"column":null}}],"line":88},"4":{"loc":{"start":{"line":140,"column":17},"end":{"line":143,"column":null}},"type":"binary-expr","locations":[{"start":{"line":140,"column":17},"end":{"line":140,"column":null}},{"start":{"line":141,"column":18},"end":{"line":143,"column":null}}],"line":140}},"s":{"0":4,"1":8,"2":3,"3":4,"4":4,"5":4,"6":12,"7":24,"8":4,"9":0,"10":4,"11":4,"12":1,"13":16,"14":16,"15":8},"f":{"0":4,"1":8,"2":4,"3":12,"4":24,"5":1,"6":16,"7":16,"8":8},"b":{"0":[0,4],"1":[8,8],"2":[8,8],"3":[8,8],"4":[4,4]},"meta":{"lastBranch":5,"lastFunction":9,"lastStatement":16,"seen":{"f:12:9:12:21":0,"s:13:2:13:Infinity":0,"f:13:19:13:25":1,"s:13:31:13:43":1,"s:16:24:21:Infinity":2,"f:23:16:23:28":2,"s:24:10:24:44":3,"s:25:8:25:32":4,"s:26:8:26:68":5,"f:26:15:26:29":3,"s:26:35:26:67":6,"f:26:43:26:49":4,"s:26:55:26:67":7,"b:28:2:32:Infinity:undefined:undefined:undefined:undefined":0,"s:28:2:32:Infinity":8,"s:29:4:32:Infinity":9,"s:36:19:36:47":10,"s:38:2:165:Infinity":11,"f:56:10:56:25":5,"s:56:25:56:37":12,"f:79:54:79:62":6,"s:79:68:79:75":13,"f:83:33:83:38":7,"s:84:18:91:Infinity":14,"b:85:88:85:105:85:105:85:Infinity":1,"b:86:35:86:49:86:49:86:Infinity":2,"b:88:60:88:101:88:101:88:Infinity":3,"b:140:17:140:Infinity:141:18:143:Infinity":4,"f:153:29:153:34":8,"s:154:20:159:Infinity":15}}}
,"E:\\Proj\\clicking-up\\clicking-up\\apps\\web\\src\\components\\ui\\Avatar.tsx": {"path":"E:\\Proj\\clicking-up\\clicking-up\\apps\\web\\src\\components\\ui\\Avatar.tsx","statementMap":{"0":{"start":{"line":1,"column":20},"end":{"line":6,"column":null}},"1":{"start":{"line":25,"column":2},"end":{"line":34,"column":null}}},"fnMap":{"0":{"name":"Avatar","decl":{"start":{"line":17,"column":16},"end":{"line":17,"column":23}},"loc":{"start":{"line":24,"column":16},"end":{"line":34,"column":null}},"line":24}},"branchMap":{"0":{"loc":{"start":{"line":20,"column":2},"end":{"line":20,"column":null}},"type":"default-arg","locations":[{"start":{"line":20,"column":9},"end":{"line":20,"column":null}}],"line":20},"1":{"loc":{"start":{"line":21,"column":2},"end":{"line":21,"column":null}},"type":"default-arg","locations":[{"start":{"line":21,"column":11},"end":{"line":21,"column":null}}],"line":21},"2":{"loc":{"start":{"line":22,"column":2},"end":{"line":22,"column":null}},"type":"default-arg","locations":[{"start":{"line":22,"column":14},"end":{"line":22,"column":null}}],"line":22},"3":{"loc":{"start":{"line":31,"column":8},"end":{"line":31,"column":null}},"type":"cond-expr","locations":[{"start":{"line":31,"column":17},"end":{"line":31,"column":62}},{"start":{"line":31,"column":62},"end":{"line":31,"column":null}}],"line":31}},"s":{"0":14,"1":215},"f":{"0":215},"b":{"0":[215],"1":[215],"2":[215],"3":[105,110]},"meta":{"lastBranch":4,"lastFunction":1,"lastStatement":2,"seen":{"s:1:20:6:Infinity":0,"f:17:16:17:23":0,"b:20:9:20:Infinity":0,"b:21:11:21:Infinity":1,"b:22:14:22:Infinity":2,"s:25:2:34:Infinity":1,"b:31:17:31:62:31:62:31:Infinity":3}}}
,"E:\\Proj\\clicking-up\\clicking-up\\apps\\web\\src\\components\\ui\\AvatarStack.tsx": {"path":"E:\\Proj\\clicking-up\\clicking-up\\apps\\web\\src\\components\\ui\\AvatarStack.tsx","statementMap":{"0":{"start":{"line":10,"column":18},"end":{"line":10,"column":37}},"1":{"start":{"line":11,"column":20},"end":{"line":11,"column":null}},"2":{"start":{"line":13,"column":2},"end":{"line":20,"column":null}},"3":{"start":{"line":16,"column":8},"end":{"line":16,"column":null}}},"fnMap":{"0":{"name":"AvatarStack","decl":{"start":{"line":9,"column":16},"end":{"line":9,"column":28}},"loc":{"start":{"line":9,"column":66},"end":{"line":20,"column":null}},"line":9},"1":{"name":"(anonymous_1)","decl":{"start":{"line":15,"column":15},"end":{"line":15,"column":20}},"loc":{"start":{"line":16,"column":8},"end":{"line":16,"column":null}},"line":16}},"branchMap":{"0":{"loc":{"start":{"line":9,"column":37},"end":{"line":9,"column":66}},"type":"default-arg","locations":[{"start":{"line":9,"column":43},"end":{"line":9,"column":66}}],"line":9},"1":{"loc":{"start":{"line":18,"column":7},"end":{"line":20,"column":null}},"type":"binary-expr","locations":[{"start":{"line":18,"column":7},"end":{"line":18,"column":null}},{"start":{"line":19,"column":8},"end":{"line":20,"column":null}}],"line":18}},"s":{"0":4,"1":4,"2":4,"3":12},"f":{"0":4,"1":12},"b":{"0":[4],"1":[4,3]},"meta":{"lastBranch":2,"lastFunction":2,"lastStatement":4,"seen":{"f:9:16:9:28":0,"b:9:43:9:66":0,"s:10:18:10:37":0,"s:11:20:11:Infinity":1,"s:13:2:20:Infinity":2,"f:15:15:15:20":1,"s:16:8:16:Infinity":3,"b:18:7:18:Infinity:19:8:20:Infinity":1}}}
,"E:\\Proj\\clicking-up\\clicking-up\\apps\\web\\src\\components\\ui\\Badge.tsx": {"path":"E:\\Proj\\clicking-up\\clicking-up\\apps\\web\\src\\components\\ui\\Badge.tsx","statementMap":{"0":{"start":{"line":11,"column":2},"end":{"line":17,"column":null}}},"fnMap":{"0":{"name":"Badge","decl":{"start":{"line":10,"column":16},"end":{"line":10,"column":22}},"loc":{"start":{"line":10,"column":73},"end":{"line":17,"column":null}},"line":10}},"branchMap":{"0":{"loc":{"start":{"line":10,"column":24},"end":{"line":10,"column":40}},"type":"default-arg","locations":[{"start":{"line":10,"column":36},"end":{"line":10,"column":40}}],"line":10}},"s":{"0":286},"f":{"0":286},"b":{"0":[286]},"meta":{"lastBranch":1,"lastFunction":1,"lastStatement":1,"seen":{"f:10:16:10:22":0,"b:10:36:10:40":0,"s:11:2:17:Infinity":0}}}
,"E:\\Proj\\clicking-up\\clicking-up\\apps\\web\\src\\components\\ui\\BaseButton.tsx": {"path":"E:\\Proj\\clicking-up\\clicking-up\\apps\\web\\src\\components\\ui\\BaseButton.tsx","statementMap":{"0":{"start":{"line":3,"column":23},"end":{"line":12,"column":null}},"1":{"start":{"line":14,"column":20},"end":{"line":18,"column":null}},"2":{"start":{"line":35,"column":2},"end":{"line":43,"column":null}}},"fnMap":{"0":{"name":"BaseButton","decl":{"start":{"line":27,"column":16},"end":{"line":27,"column":27}},"loc":{"start":{"line":34,"column":20},"end":{"line":43,"column":null}},"line":34}},"branchMap":{"0":{"loc":{"start":{"line":28,"column":2},"end":{"line":28,"column":null}},"type":"default-arg","locations":[{"start":{"line":28,"column":12},"end":{"line":28,"column":null}}],"line":28},"1":{"loc":{"start":{"line":29,"column":2},"end":{"line":29,"column":null}},"type":"default-arg","locations":[{"start":{"line":29,"column":9},"end":{"line":29,"column":null}}],"line":29},"2":{"loc":{"start":{"line":32,"column":2},"end":{"line":32,"column":null}},"type":"default-arg","locations":[{"start":{"line":32,"column":14},"end":{"line":32,"column":null}}],"line":32},"3":{"loc":{"start":{"line":40,"column":7},"end":{"line":43,"column":null}},"type":"binary-expr","locations":[{"start":{"line":40,"column":7},"end":{"line":40,"column":null}},{"start":{"line":41,"column":8},"end":{"line":43,"column":null}}],"line":40}},"s":{"0":7,"1":7,"2":66},"f":{"0":66},"b":{"0":[66],"1":[66],"2":[66],"3":[66,26]},"meta":{"lastBranch":4,"lastFunction":1,"lastStatement":3,"seen":{"s:3:23:12:Infinity":0,"s:14:20:18:Infinity":1,"f:27:16:27:27":0,"b:28:12:28:Infinity":0,"b:29:9:29:Infinity":1,"b:32:14:32:Infinity":2,"s:35:2:43:Infinity":2,"b:40:7:40:Infinity:41:8:43:Infinity":3}}}
,"E:\\Proj\\clicking-up\\clicking-up\\apps\\web\\src\\components\\ui\\BaseCard.tsx": {"path":"E:\\Proj\\clicking-up\\clicking-up\\apps\\web\\src\\components\\ui\\BaseCard.tsx","statementMap":{"0":{"start":{"line":3,"column":23},"end":{"line":11,"column":null}},"1":{"start":{"line":26,"column":2},"end":{"line":29,"column":null}}},"fnMap":{"0":{"name":"BaseCard","decl":{"start":{"line":20,"column":16},"end":{"line":20,"column":25}},"loc":{"start":{"line":25,"column":18},"end":{"line":29,"column":null}},"line":25}},"branchMap":{"0":{"loc":{"start":{"line":21,"column":2},"end":{"line":21,"column":null}},"type":"default-arg","locations":[{"start":{"line":21,"column":12},"end":{"line":21,"column":null}}],"line":21},"1":{"loc":{"start":{"line":22,"column":2},"end":{"line":22,"column":null}},"type":"default-arg","locations":[{"start":{"line":22,"column":14},"end":{"line":22,"column":null}}],"line":22}},"s":{"0":11,"1":268},"f":{"0":268},"b":{"0":[268],"1":[268]},"meta":{"lastBranch":2,"lastFunction":1,"lastStatement":2,"seen":{"s:3:23:11:Infinity":0,"f:20:16:20:25":0,"b:21:12:21:Infinity":0,"b:22:14:22:Infinity":1,"s:26:2:29:Infinity":1}}}
,"E:\\Proj\\clicking-up\\clicking-up\\apps\\web\\src\\components\\ui\\BaseInput.tsx": {"path":"E:\\Proj\\clicking-up\\clicking-up\\apps\\web\\src\\components\\ui\\BaseInput.tsx","statementMap":{"0":{"start":{"line":14,"column":2},"end":{"line":27,"column":null}},"1":{"start":{"line":25,"column":36},"end":{"line":25,"column":60}}},"fnMap":{"0":{"name":"BaseInput","decl":{"start":{"line":8,"column":16},"end":{"line":8,"column":26}},"loc":{"start":{"line":13,"column":19},"end":{"line":27,"column":null}},"line":13},"1":{"name":"(anonymous_1)","decl":{"start":{"line":25,"column":18},"end":{"line":25,"column":30}},"loc":{"start":{"line":25,"column":36},"end":{"line":25,"column":60}},"line":25}},"branchMap":{"0":{"loc":{"start":{"line":11,"column":2},"end":{"line":11,"column":null}},"type":"default-arg","locations":[{"start":{"line":11,"column":14},"end":{"line":11,"column":null}}],"line":11},"1":{"loc":{"start":{"line":16,"column":7},"end":{"line":21,"column":7}},"type":"binary-expr","locations":[{"start":{"line":16,"column":7},"end":{"line":16,"column":null}},{"start":{"line":17,"column":8},"end":{"line":21,"column":7}}],"line":16},"2":{"loc":{"start":{"line":23,"column":10},"end":{"line":23,"column":null}},"type":"cond-expr","locations":[{"start":{"line":23,"column":17},"end":{"line":23,"column":32}},{"start":{"line":23,"column":32},"end":{"line":23,"column":null}}],"line":23},"3":{"loc":{"start":{"line":25,"column":18},"end":{"line":25,"column":null}},"type":"cond-expr","locations":[{"start":{"line":25,"column":18},"end":{"line":25,"column":60}},{"start":{"line":25,"column":63},"end":{"line":25,"column":null}}],"line":25}},"s":{"0":41,"1":19},"f":{"0":41,"1":19},"b":{"0":[41],"1":[41,2],"2":[2,39],"3":[19,4]},"meta":{"lastBranch":4,"lastFunction":2,"lastStatement":2,"seen":{"f:8:16:8:26":0,"b:11:14:11:Infinity":0,"s:14:2:27:Infinity":0,"b:16:7:16:Infinity:17:8:21:7":1,"b:23:17:23:32:23:32:23:Infinity":2,"b:25:18:25:60:25:63:25:Infinity":3,"f:25:18:25:30":1,"s:25:36:25:60":1}}}
,"E:\\Proj\\clicking-up\\clicking-up\\apps\\web\\src\\components\\ui\\FilterChip.tsx": {"path":"E:\\Proj\\clicking-up\\clicking-up\\apps\\web\\src\\components\\ui\\FilterChip.tsx","statementMap":{"0":{"start":{"line":8,"column":2},"end":{"line":19,"column":null}}},"fnMap":{"0":{"name":"FilterChip","decl":{"start":{"line":7,"column":16},"end":{"line":7,"column":27}},"loc":{"start":{"line":7,"column":72},"end":{"line":19,"column":null}},"line":7}},"branchMap":{"0":{"loc":{"start":{"line":13,"column":8},"end":{"line":15,"column":null}},"type":"cond-expr","locations":[{"start":{"line":14,"column":12},"end":{"line":14,"column":null}},{"start":{"line":15,"column":12},"end":{"line":15,"column":null}}],"line":13}},"s":{"0":109},"f":{"0":109},"b":{"0":[22,87]},"meta":{"lastBranch":1,"lastFunction":1,"lastStatement":1,"seen":{"f:7:16:7:27":0,"s:8:2:19:Infinity":0,"b:14:12:14:Infinity:15:12:15:Infinity":0}}}
,"E:\\Proj\\clicking-up\\clicking-up\\apps\\web\\src\\components\\ui\\FormLabel.tsx": {"path":"E:\\Proj\\clicking-up\\clicking-up\\apps\\web\\src\\components\\ui\\FormLabel.tsx","statementMap":{"0":{"start":{"line":9,"column":2},"end":{"line":14,"column":null}}},"fnMap":{"0":{"name":"FormLabel","decl":{"start":{"line":8,"column":16},"end":{"line":8,"column":26}},"loc":{"start":{"line":8,"column":72},"end":{"line":14,"column":null}},"line":8}},"branchMap":{"0":{"loc":{"start":{"line":8,"column":38},"end":{"line":8,"column":72}},"type":"default-arg","locations":[{"start":{"line":8,"column":50},"end":{"line":8,"column":72}}],"line":8}},"s":{"0":99},"f":{"0":99},"b":{"0":[99]},"meta":{"lastBranch":1,"lastFunction":1,"lastStatement":1,"seen":{"f:8:16:8:26":0,"b:8:50:8:72":0,"s:9:2:14:Infinity":0}}}
,"E:\\Proj\\clicking-up\\clicking-up\\apps\\web\\src\\components\\ui\\PriorityBadge.tsx": {"path":"E:\\Proj\\clicking-up\\clicking-up\\apps\\web\\src\\components\\ui\\PriorityBadge.tsx","statementMap":{"0":{"start":{"line":4,"column":97},"end":{"line":25,"column":null}},"1":{"start":{"line":32,"column":17},"end":{"line":32,"column":null}},"2":{"start":{"line":33,"column":2},"end":{"line":36,"column":null}}},"fnMap":{"0":{"name":"PriorityBadge","decl":{"start":{"line":31,"column":16},"end":{"line":31,"column":30}},"loc":{"start":{"line":31,"column":64},"end":{"line":36,"column":null}},"line":31}},"branchMap":{},"s":{"0":10,"1":178,"2":178},"f":{"0":178},"b":{},"meta":{"lastBranch":0,"lastFunction":1,"lastStatement":3,"seen":{"s:4:97:25:Infinity":0,"f:31:16:31:30":0,"s:32:17:32:Infinity":1,"s:33:2:36:Infinity":2}}}
,"E:\\Proj\\clicking-up\\clicking-up\\apps\\web\\src\\components\\ui\\SearchBar.tsx": {"path":"E:\\Proj\\clicking-up\\clicking-up\\apps\\web\\src\\components\\ui\\SearchBar.tsx","statementMap":{"0":{"start":{"line":8,"column":2},"end":{"line":20,"column":null}},"1":{"start":{"line":17,"column":25},"end":{"line":17,"column":49}}},"fnMap":{"0":{"name":"SearchBar","decl":{"start":{"line":7,"column":16},"end":{"line":7,"column":26}},"loc":{"start":{"line":7,"column":94},"end":{"line":20,"column":null}},"line":7},"1":{"name":"(anonymous_1)","decl":{"start":{"line":17,"column":8},"end":{"line":17,"column":19}},"loc":{"start":{"line":17,"column":25},"end":{"line":17,"column":49}},"line":17}},"branchMap":{"0":{"loc":{"start":{"line":7,"column":45},"end":{"line":7,"column":94}},"type":"default-arg","locations":[{"start":{"line":7,"column":59},"end":{"line":7,"column":94}}],"line":7}},"s":{"0":26,"1":17},"f":{"0":26,"1":17},"b":{"0":[26]},"meta":{"lastBranch":1,"lastFunction":2,"lastStatement":2,"seen":{"f:7:16:7:26":0,"b:7:59:7:94":0,"s:8:2:20:Infinity":0,"f:17:8:17:19":1,"s:17:25:17:49":1}}}
,"E:\\Proj\\clicking-up\\clicking-up\\apps\\web\\src\\components\\ui\\StatusBadge.tsx": {"path":"E:\\Proj\\clicking-up\\clicking-up\\apps\\web\\src\\components\\ui\\StatusBadge.tsx","statementMap":{"0":{"start":{"line":4,"column":79},"end":{"line":21,"column":null}},"1":{"start":{"line":28,"column":17},"end":{"line":28,"column":null}},"2":{"start":{"line":29,"column":2},"end":{"line":36,"column":null}}},"fnMap":{"0":{"name":"StatusBadge","decl":{"start":{"line":27,"column":16},"end":{"line":27,"column":28}},"loc":{"start":{"line":27,"column":58},"end":{"line":36,"column":null}},"line":27}},"branchMap":{},"s":{"0":7,"1":104,"2":104},"f":{"0":104},"b":{},"meta":{"lastBranch":0,"lastFunction":1,"lastStatement":3,"seen":{"s:4:79:21:Infinity":0,"f:27:16:27:28":0,"s:28:17:28:Infinity":1,"s:29:2:36:Infinity":2}}}
,"E:\\Proj\\clicking-up\\clicking-up\\apps\\web\\src\\components\\ui\\ThemeToggle.tsx": {"path":"E:\\Proj\\clicking-up\\clicking-up\\apps\\web\\src\\components\\ui\\ThemeToggle.tsx","statementMap":{"0":{"start":{"line":4,"column":17},"end":{"line":4,"column":43}},"1":{"start":{"line":6,"column":2},"end":{"line":15,"column":null}}},"fnMap":{"0":{"name":"ThemeToggle","decl":{"start":{"line":3,"column":16},"end":{"line":3,"column":30}},"loc":{"start":{"line":3,"column":30},"end":{"line":15,"column":null}},"line":3}},"branchMap":{"0":{"loc":{"start":{"line":10,"column":31},"end":{"line":10,"column":68}},"type":"cond-expr","locations":[{"start":{"line":10,"column":51},"end":{"line":10,"column":60}},{"start":{"line":10,"column":60},"end":{"line":10,"column":68}}],"line":10},"1":{"loc":{"start":{"line":13,"column":9},"end":{"line":13,"column":null}},"type":"cond-expr","locations":[{"start":{"line":13,"column":29},"end":{"line":13,"column":43}},{"start":{"line":13,"column":43},"end":{"line":13,"column":null}}],"line":13}},"s":{"0":19,"1":19},"f":{"0":19},"b":{"0":[18,1],"1":[18,1]},"meta":{"lastBranch":2,"lastFunction":1,"lastStatement":2,"seen":{"f:3:16:3:30":0,"s:4:17:4:43":0,"s:6:2:15:Infinity":1,"b:10:51:10:60:10:60:10:68":0,"b:13:29:13:43:13:43:13:Infinity":1}}}
,"E:\\Proj\\clicking-up\\clicking-up\\apps\\web\\src\\constants\\navigation.ts": {"path":"E:\\Proj\\clicking-up\\clicking-up\\apps\\web\\src\\constants\\navigation.ts","statementMap":{"0":{"start":{"line":1,"column":25},"end":{"line":6,"column":null}},"1":{"start":{"line":8,"column":32},"end":{"line":13,"column":null}}},"fnMap":{},"branchMap":{},"s":{"0":5,"1":5},"f":{},"b":{},"meta":{"lastBranch":0,"lastFunction":0,"lastStatement":2,"seen":{"s:1:25:6:Infinity":0,"s:8:32:13:Infinity":1}}}
,"E:\\Proj\\clicking-up\\clicking-up\\apps\\web\\src\\data\\mockTasks.ts": {"path":"E:\\Proj\\clicking-up\\clicking-up\\apps\\web\\src\\data\\mockTasks.ts","statementMap":{"0":{"start":{"line":3,"column":33},"end":{"line":124,"column":null}}},"fnMap":{},"branchMap":{},"s":{"0":7},"f":{},"b":{},"meta":{"lastBranch":0,"lastFunction":0,"lastStatement":1,"seen":{"s:3:33:124:Infinity":0}}}
,"E:\\Proj\\clicking-up\\clicking-up\\apps\\web\\src\\data\\mockUsers.ts": {"path":"E:\\Proj\\clicking-up\\clicking-up\\apps\\web\\src\\data\\mockUsers.ts","statementMap":{"0":{"start":{"line":3,"column":33},"end":{"line":34,"column":null}}},"fnMap":{},"branchMap":{},"s":{"0":9},"f":{},"b":{},"meta":{"lastBranch":0,"lastFunction":0,"lastStatement":1,"seen":{"s:3:33:34:Infinity":0}}}
,"E:\\Proj\\clicking-up\\clicking-up\\apps\\web\\src\\pages\\BoardPage.tsx": {"path":"E:\\Proj\\clicking-up\\clicking-up\\apps\\web\\src\\pages\\BoardPage.tsx","statementMap":{"0":{"start":{"line":4,"column":2},"end":{"line":16,"column":null}}},"fnMap":{"0":{"name":"BoardPage","decl":{"start":{"line":3,"column":16},"end":{"line":3,"column":28}},"loc":{"start":{"line":3,"column":28},"end":{"line":16,"column":null}},"line":3}},"branchMap":{},"s":{"0":1},"f":{"0":1},"b":{},"meta":{"lastBranch":0,"lastFunction":1,"lastStatement":1,"seen":{"f:3:16:3:28":0,"s:4:2:16:Infinity":0}}}
,"E:\\Proj\\clicking-up\\clicking-up\\apps\\web\\src\\pages\\BoardSettingsPage.tsx": {"path":"E:\\Proj\\clicking-up\\clicking-up\\apps\\web\\src\\pages\\BoardSettingsPage.tsx","statementMap":{"0":{"start":{"line":7,"column":26},"end":{"line":7,"column":null}},"1":{"start":{"line":9,"column":21},"end":{"line":14,"column":null}},"2":{"start":{"line":17,"column":2},"end":{"line":136,"column":null}},"3":{"start":{"line":53,"column":14},"end":{"line":64,"column":null}},"4":{"start":{"line":74,"column":14},"end":{"line":88,"column":null}},"5":{"start":{"line":98,"column":14},"end":{"line":117,"column":null}}},"fnMap":{"0":{"name":"BoardSettingsPage","decl":{"start":{"line":16,"column":16},"end":{"line":16,"column":36}},"loc":{"start":{"line":16,"column":36},"end":{"line":136,"column":null}},"line":16},"1":{"name":"(anonymous_1)","decl":{"start":{"line":37,"column":47},"end":{"line":37,"column":63}},"loc":{"start":{"line":37,"column":63},"end":{"line":37,"column":69}},"line":37},"2":{"name":"(anonymous_2)","decl":{"start":{"line":43,"column":72},"end":{"line":43,"column":88}},"loc":{"start":{"line":43,"column":88},"end":{"line":43,"column":94}},"line":43},"3":{"name":"(anonymous_3)","decl":{"start":{"line":52,"column":31},"end":{"line":52,"column":36}},"loc":{"start":{"line":53,"column":14},"end":{"line":64,"column":null}},"line":53},"4":{"name":"(anonymous_4)","decl":{"start":{"line":73,"column":23},"end":{"line":73,"column":28}},"loc":{"start":{"line":74,"column":14},"end":{"line":88,"column":null}},"line":74},"5":{"name":"(anonymous_5)","decl":{"start":{"line":97,"column":26},"end":{"line":97,"column":31}},"loc":{"start":{"line":98,"column":14},"end":{"line":117,"column":null}},"line":98}},"branchMap":{"0":{"loc":{"start":{"line":110,"column":20},"end":{"line":112,"column":null}},"type":"cond-expr","locations":[{"start":{"line":111,"column":24},"end":{"line":111,"column":null}},{"start":{"line":112,"column":24},"end":{"line":112,"column":null}}],"line":110},"1":{"loc":{"start":{"line":115,"column":19},"end":{"line":115,"column":null}},"type":"cond-expr","locations":[{"start":{"line":115,"column":36},"end":{"line":115,"column":50}},{"start":{"line":115,"column":50},"end":{"line":115,"column":null}}],"line":115}},"s":{"0":3,"1":3,"2":2,"3":8,"4":10,"5":8},"f":{"0":2,"1":0,"2":0,"3":8,"4":10,"5":8},"b":{"0":[4,4],"1":[4,4]},"meta":{"lastBranch":2,"lastFunction":6,"lastStatement":6,"seen":{"s:7:26:7:Infinity":0,"s:9:21:14:Infinity":1,"f:16:16:16:36":0,"s:17:2:136:Infinity":2,"f:37:47:37:63":1,"f:43:72:43:88":2,"f:52:31:52:36":3,"s:53:14:64:Infinity":3,"f:73:23:73:28":4,"s:74:14:88:Infinity":4,"f:97:26:97:31":5,"s:98:14:117:Infinity":5,"b:111:24:111:Infinity:112:24:112:Infinity":0,"b:115:36:115:50:115:50:115:Infinity":1}}}
,"E:\\Proj\\clicking-up\\clicking-up\\apps\\web\\src\\pages\\DashboardPage.tsx": {"path":"E:\\Proj\\clicking-up\\clicking-up\\apps\\web\\src\\pages\\DashboardPage.tsx","statementMap":{"0":{"start":{"line":8,"column":8},"end":{"line":8,"column":44}},"1":{"start":{"line":8,"column":36},"end":{"line":8,"column":44}},"2":{"start":{"line":10,"column":20},"end":{"line":10,"column":null}},"3":{"start":{"line":10,"column":40},"end":{"line":10,"column":60}},"4":{"start":{"line":11,"column":23},"end":{"line":13,"column":null}},"5":{"start":{"line":12,"column":11},"end":{"line":12,"column":66}},"6":{"start":{"line":15,"column":2},"end":{"line":62,"column":null}}},"fnMap":{"0":{"name":"DashboardPage","decl":{"start":{"line":7,"column":16},"end":{"line":7,"column":32}},"loc":{"start":{"line":7,"column":32},"end":{"line":62,"column":null}},"line":7},"1":{"name":"(anonymous_1)","decl":{"start":{"line":8,"column":16},"end":{"line":8,"column":30}},"loc":{"start":{"line":8,"column":36},"end":{"line":8,"column":44}},"line":8},"2":{"name":"(anonymous_2)","decl":{"start":{"line":10,"column":26},"end":{"line":10,"column":34}},"loc":{"start":{"line":10,"column":40},"end":{"line":10,"column":60}},"line":10},"3":{"name":"(anonymous_3)","decl":{"start":{"line":11,"column":29},"end":{"line":11,"column":null}},"loc":{"start":{"line":12,"column":11},"end":{"line":12,"column":66}},"line":12}},"branchMap":{"0":{"loc":{"start":{"line":12,"column":11},"end":{"line":12,"column":66}},"type":"binary-expr","locations":[{"start":{"line":12,"column":11},"end":{"line":12,"column":34}},{"start":{"line":12,"column":34},"end":{"line":12,"column":66}}],"line":12},"1":{"loc":{"start":{"line":33,"column":17},"end":{"line":33,"column":null}},"type":"cond-expr","locations":[{"start":{"line":33,"column":36},"end":{"line":33,"column":71}},{"start":{"line":33,"column":71},"end":{"line":33,"column":null}}],"line":33}},"s":{"0":8,"1":24,"2":8,"3":80,"4":8,"5":80,"6":8},"f":{"0":8,"1":24,"2":80,"3":80},"b":{"0":[80,64],"1":[8,0]},"meta":{"lastBranch":2,"lastFunction":4,"lastStatement":7,"seen":{"f:7:16:7:32":0,"s:8:8:8:44":0,"f:8:16:8:30":1,"s:8:36:8:44":1,"s:10:20:10:Infinity":2,"f:10:26:10:34":2,"s:10:40:10:60":3,"s:11:23:13:Infinity":4,"f:11:29:11:Infinity":3,"s:12:11:12:66":5,"b:12:11:12:34:12:34:12:66":0,"s:15:2:62:Infinity":6,"b:33:36:33:71:33:71:33:Infinity":1}}}
,"E:\\Proj\\clicking-up\\clicking-up\\apps\\web\\src\\pages\\LoginPage.tsx": {"path":"E:\\Proj\\clicking-up\\clicking-up\\apps\\web\\src\\pages\\LoginPage.tsx","statementMap":{"0":{"start":{"line":4,"column":8},"end":{"line":4,"column":32}},"1":{"start":{"line":6,"column":8},"end":{"line":8,"column":null}},"2":{"start":{"line":7,"column":4},"end":{"line":7,"column":null}},"3":{"start":{"line":8,"column":4},"end":{"line":8,"column":null}},"4":{"start":{"line":11,"column":2},"end":{"line":117,"column":null}}},"fnMap":{"0":{"name":"LoginPage","decl":{"start":{"line":3,"column":16},"end":{"line":3,"column":28}},"loc":{"start":{"line":3,"column":28},"end":{"line":117,"column":null}},"line":3},"1":{"name":"(anonymous_1)","decl":{"start":{"line":6,"column":8},"end":{"line":6,"column":24}},"loc":{"start":{"line":6,"column":47},"end":{"line":8,"column":null}},"line":6}},"branchMap":{},"s":{"0":4,"1":4,"2":0,"3":0,"4":4},"f":{"0":4,"1":0},"b":{},"meta":{"lastBranch":0,"lastFunction":2,"lastStatement":5,"seen":{"f:3:16:3:28":0,"s:4:8:4:32":0,"s:6:8:8:Infinity":1,"f:6:8:6:24":1,"s:7:4:7:Infinity":2,"s:8:4:8:Infinity":3,"s:11:2:117:Infinity":4}}}
,"E:\\Proj\\clicking-up\\clicking-up\\apps\\web\\src\\pages\\TaskListPage.tsx": {"path":"E:\\Proj\\clicking-up\\clicking-up\\apps\\web\\src\\pages\\TaskListPage.tsx","statementMap":{"0":{"start":{"line":13,"column":71},"end":{"line":19,"column":null}},"1":{"start":{"line":22,"column":2},"end":{"line":22,"column":null}},"2":{"start":{"line":22,"column":31},"end":{"line":22,"column":43}},"3":{"start":{"line":26,"column":8},"end":{"line":26,"column":44}},"4":{"start":{"line":26,"column":36},"end":{"line":26,"column":44}},"5":{"start":{"line":27,"column":17},"end":{"line":27,"column":42}},"6":{"start":{"line":28,"column":23},"end":{"line":28,"column":77}},"7":{"start":{"line":29,"column":19},"end":{"line":29,"column":49}},"8":{"start":{"line":31,"column":8},"end":{"line":43,"column":35}},"9":{"start":{"line":32,"column":4},"end":{"line":42,"column":null}},"10":{"start":{"line":33,"column":6},"end":{"line":33,"column":null}},"11":{"start":{"line":33,"column":63},"end":{"line":33,"column":null}},"12":{"start":{"line":34,"column":6},"end":{"line":38,"column":null}},"13":{"start":{"line":35,"column":18},"end":{"line":35,"column":38}},"14":{"start":{"line":36,"column":8},"end":{"line":38,"column":null}},"15":{"start":{"line":41,"column":6},"end":{"line":41,"column":null}},"16":{"start":{"line":45,"column":19},"end":{"line":45,"column":92}},"17":{"start":{"line":45,"column":45},"end":{"line":45,"column":92}},"18":{"start":{"line":46,"column":20},"end":{"line":46,"column":63}},"19":{"start":{"line":46,"column":48},"end":{"line":46,"column":63}},"20":{"start":{"line":48,"column":20},"end":{"line":48,"column":null}},"21":{"start":{"line":48,"column":40},"end":{"line":48,"column":60}},"22":{"start":{"line":49,"column":26},"end":{"line":49,"column":null}},"23":{"start":{"line":49,"column":46},"end":{"line":49,"column":73}},"24":{"start":{"line":51,"column":2},"end":{"line":136,"column":null}},"25":{"start":{"line":65,"column":25},"end":{"line":65,"column":42}},"26":{"start":{"line":79,"column":12},"end":{"line":84,"column":null}},"27":{"start":{"line":83,"column":29},"end":{"line":83,"column":null}},"28":{"start":{"line":92,"column":35},"end":{"line":92,"column":53}},"29":{"start":{"line":125,"column":10},"end":{"line":129,"column":null}}},"fnMap":{"0":{"name":"getUserById","decl":{"start":{"line":21,"column":9},"end":{"line":21,"column":21}},"loc":{"start":{"line":21,"column":33},"end":{"line":22,"column":null}},"line":21},"1":{"name":"(anonymous_1)","decl":{"start":{"line":22,"column":19},"end":{"line":22,"column":25}},"loc":{"start":{"line":22,"column":31},"end":{"line":22,"column":43}},"line":22},"2":{"name":"TaskListPage","decl":{"start":{"line":25,"column":16},"end":{"line":25,"column":31}},"loc":{"start":{"line":25,"column":31},"end":{"line":136,"column":null}},"line":25},"3":{"name":"(anonymous_3)","decl":{"start":{"line":26,"column":16},"end":{"line":26,"column":30}},"loc":{"start":{"line":26,"column":36},"end":{"line":26,"column":44}},"line":26},"4":{"name":"(anonymous_4)","decl":{"start":{"line":31,"column":24},"end":{"line":31,"column":38}},"loc":{"start":{"line":31,"column":38},"end":{"line":43,"column":6}},"line":31},"5":{"name":"(anonymous_5)","decl":{"start":{"line":32,"column":17},"end":{"line":32,"column":25}},"loc":{"start":{"line":32,"column":31},"end":{"line":42,"column":null}},"line":32},"6":{"name":"(anonymous_6)","decl":{"start":{"line":45,"column":33},"end":{"line":45,"column":39}},"loc":{"start":{"line":45,"column":45},"end":{"line":45,"column":92}},"line":45},"7":{"name":"(anonymous_7)","decl":{"start":{"line":46,"column":34},"end":{"line":46,"column":42}},"loc":{"start":{"line":46,"column":48},"end":{"line":46,"column":63}},"line":46},"8":{"name":"(anonymous_8)","decl":{"start":{"line":48,"column":26},"end":{"line":48,"column":34}},"loc":{"start":{"line":48,"column":40},"end":{"line":48,"column":60}},"line":48},"9":{"name":"(anonymous_9)","decl":{"start":{"line":49,"column":32},"end":{"line":49,"column":40}},"loc":{"start":{"line":49,"column":46},"end":{"line":49,"column":73}},"line":49},"10":{"name":"(anonymous_10)","decl":{"start":{"line":65,"column":10},"end":{"line":65,"column":25}},"loc":{"start":{"line":65,"column":25},"end":{"line":65,"column":42}},"line":65},"11":{"name":"(anonymous_11)","decl":{"start":{"line":78,"column":26},"end":{"line":78,"column":31}},"loc":{"start":{"line":79,"column":12},"end":{"line":84,"column":null}},"line":79},"12":{"name":"(anonymous_12)","decl":{"start":{"line":83,"column":14},"end":{"line":83,"column":29}},"loc":{"start":{"line":83,"column":29},"end":{"line":83,"column":null}},"line":83},"13":{"name":"(anonymous_13)","decl":{"start":{"line":92,"column":20},"end":{"line":92,"column":35}},"loc":{"start":{"line":92,"column":35},"end":{"line":92,"column":53}},"line":92},"14":{"name":"(anonymous_14)","decl":{"start":{"line":124,"column":19},"end":{"line":124,"column":24}},"loc":{"start":{"line":125,"column":10},"end":{"line":129,"column":null}},"line":125}},"branchMap":{"0":{"loc":{"start":{"line":33,"column":6},"end":{"line":33,"column":null}},"type":"if","locations":[{"start":{"line":33,"column":6},"end":{"line":33,"column":null}},{"start":{},"end":{}}],"line":33},"1":{"loc":{"start":{"line":33,"column":10},"end":{"line":33,"column":63}},"type":"binary-expr","locations":[{"start":{"line":33,"column":10},"end":{"line":33,"column":36}},{"start":{"line":33,"column":36},"end":{"line":33,"column":63}}],"line":33},"2":{"loc":{"start":{"line":34,"column":6},"end":{"line":38,"column":null}},"type":"if","locations":[{"start":{"line":34,"column":6},"end":{"line":38,"column":null}},{"start":{},"end":{}}],"line":34},"3":{"loc":{"start":{"line":37,"column":10},"end":{"line":38,"column":40}},"type":"binary-expr","locations":[{"start":{"line":37,"column":10},"end":{"line":37,"column":43}},{"start":{"line":38,"column":10},"end":{"line":38,"column":40}}],"line":37},"4":{"loc":{"start":{"line":45,"column":45},"end":{"line":45,"column":92}},"type":"binary-expr","locations":[{"start":{"line":45,"column":45},"end":{"line":45,"column":72}},{"start":{"line":45,"column":72},"end":{"line":45,"column":92}}],"line":45},"5":{"loc":{"start":{"line":90,"column":7},"end":{"line":93,"column":null}},"type":"binary-expr","locations":[{"start":{"line":90,"column":7},"end":{"line":90,"column":null}},{"start":{"line":91,"column":8},"end":{"line":93,"column":null}}],"line":90},"6":{"loc":{"start":{"line":118,"column":9},"end":{"line":124,"column":19}},"type":"binary-expr","locations":[{"start":{"line":118,"column":9},"end":{"line":118,"column":null}},{"start":{"line":119,"column":10},"end":{"line":124,"column":19}}],"line":118},"7":{"loc":{"start":{"line":133,"column":7},"end":{"line":136,"column":null}},"type":"binary-expr","locations":[{"start":{"line":133,"column":7},"end":{"line":133,"column":null}},{"start":{"line":134,"column":8},"end":{"line":136,"column":null}}],"line":133}},"s":{"0":3,"1":87,"2":243,"3":21,"4":63,"5":21,"6":21,"7":21,"8":21,"9":20,"10":200,"11":7,"12":193,"13":140,"14":140,"15":53,"16":21,"17":31,"18":21,"19":87,"20":21,"21":210,"22":21,"23":210,"24":21,"25":1,"26":105,"27":1,"28":0,"29":67},"f":{"0":87,"1":243,"2":21,"3":63,"4":20,"5":200,"6":31,"7":87,"8":210,"9":210,"10":1,"11":105,"12":1,"13":0,"14":67},"b":{"0":[7,193],"1":[200,10],"2":[140,53],"3":[140,116],"4":[31,20],"5":[21,1],"6":[21,20],"7":[21,0]},"meta":{"lastBranch":8,"lastFunction":15,"lastStatement":30,"seen":{"s:13:71:19:Infinity":0,"f:21:9:21:21":0,"s:22:2:22:Infinity":1,"f:22:19:22:25":1,"s:22:31:22:43":2,"f:25:16:25:31":2,"s:26:8:26:44":3,"f:26:16:26:30":3,"s:26:36:26:44":4,"s:27:17:27:42":5,"s:28:23:28:77":6,"s:29:19:29:49":7,"s:31:8:43:35":8,"f:31:24:31:38":4,"s:32:4:42:Infinity":9,"f:32:17:32:25":5,"b:33:6:33:Infinity:undefined:undefined:undefined:undefined":0,"s:33:6:33:Infinity":10,"b:33:10:33:36:33:36:33:63":1,"s:33:63:33:Infinity":11,"b:34:6:38:Infinity:undefined:undefined:undefined:undefined":2,"s:34:6:38:Infinity":12,"s:35:18:35:38":13,"s:36:8:38:Infinity":14,"b:37:10:37:43:38:10:38:40":3,"s:41:6:41:Infinity":15,"s:45:19:45:92":16,"f:45:33:45:39":6,"s:45:45:45:92":17,"b:45:45:45:72:45:72:45:92":4,"s:46:20:46:63":18,"f:46:34:46:42":7,"s:46:48:46:63":19,"s:48:20:48:Infinity":20,"f:48:26:48:34":8,"s:48:40:48:60":21,"s:49:26:49:Infinity":22,"f:49:32:49:40":9,"s:49:46:49:73":23,"s:51:2:136:Infinity":24,"f:65:10:65:25":10,"s:65:25:65:42":25,"f:78:26:78:31":11,"s:79:12:84:Infinity":26,"f:83:14:83:29":12,"s:83:29:83:Infinity":27,"b:90:7:90:Infinity:91:8:93:Infinity":5,"f:92:20:92:35":13,"s:92:35:92:53":28,"b:118:9:118:Infinity:119:10:124:19":6,"f:124:19:124:24":14,"s:125:10:129:Infinity":29,"b:133:7:133:Infinity:134:8:136:Infinity":7}}}
,"E:\\Proj\\clicking-up\\clicking-up\\apps\\web\\src\\stores\\taskStore.ts": {"path":"E:\\Proj\\clicking-up\\clicking-up\\apps\\web\\src\\stores\\taskStore.ts","statementMap":{"0":{"start":{"line":13,"column":13},"end":{"line":13,"column":null}},"1":{"start":{"line":15,"column":13},"end":{"line":36,"column":3}},"2":{"start":{"line":15,"column":61},"end":{"line":36,"column":3}},"3":{"start":{"line":18,"column":16},"end":{"line":18,"column":40}},"4":{"start":{"line":19,"column":23},"end":{"line":24,"column":null}},"5":{"start":{"line":25,"column":4},"end":{"line":25,"column":null}},"6":{"start":{"line":25,"column":20},"end":{"line":25,"column":53}},"7":{"start":{"line":28,"column":4},"end":{"line":32,"column":7}},"8":{"start":{"line":28,"column":20},"end":{"line":31,"column":null}},"9":{"start":{"line":30,"column":8},"end":{"line":30,"column":null}},"10":{"start":{"line":34,"column":4},"end":{"line":34,"column":71}},"11":{"start":{"line":34,"column":20},"end":{"line":34,"column":69}},"12":{"start":{"line":34,"column":55},"end":{"line":34,"column":67}},"13":{"start":{"line":35,"column":32},"end":{"line":35,"column":null}},"14":{"start":{"line":35,"column":58},"end":{"line":35,"column":null}}},"fnMap":{"0":{"name":"(anonymous_0)","decl":{"start":{"line":15,"column":28},"end":{"line":15,"column":47}},"loc":{"start":{"line":15,"column":61},"end":{"line":36,"column":3}},"line":15},"1":{"name":"(anonymous_1)","decl":{"start":{"line":17,"column":2},"end":{"line":17,"column":12}},"loc":{"start":{"line":17,"column":25},"end":{"line":25,"column":null}},"line":17},"2":{"name":"(anonymous_2)","decl":{"start":{"line":25,"column":4},"end":{"line":25,"column":9}},"loc":{"start":{"line":25,"column":20},"end":{"line":25,"column":53}},"line":25},"3":{"name":"(anonymous_3)","decl":{"start":{"line":27,"column":2},"end":{"line":27,"column":15}},"loc":{"start":{"line":28,"column":4},"end":{"line":32,"column":7}},"line":28},"4":{"name":"(anonymous_4)","decl":{"start":{"line":28,"column":4},"end":{"line":28,"column":9}},"loc":{"start":{"line":28,"column":20},"end":{"line":31,"column":null}},"line":28},"5":{"name":"(anonymous_5)","decl":{"start":{"line":29,"column":25},"end":{"line":29,"column":30}},"loc":{"start":{"line":30,"column":8},"end":{"line":30,"column":null}},"line":30},"6":{"name":"(anonymous_6)","decl":{"start":{"line":33,"column":2},"end":{"line":33,"column":15}},"loc":{"start":{"line":34,"column":4},"end":{"line":34,"column":71}},"line":34},"7":{"name":"(anonymous_7)","decl":{"start":{"line":34,"column":4},"end":{"line":34,"column":9}},"loc":{"start":{"line":34,"column":20},"end":{"line":34,"column":69}},"line":34},"8":{"name":"(anonymous_8)","decl":{"start":{"line":34,"column":41},"end":{"line":34,"column":49}},"loc":{"start":{"line":34,"column":55},"end":{"line":34,"column":67}},"line":34},"9":{"name":"(anonymous_9)","decl":{"start":{"line":35,"column":2},"end":{"line":35,"column":21}},"loc":{"start":{"line":35,"column":32},"end":{"line":35,"column":null}},"line":35},"10":{"name":"(anonymous_10)","decl":{"start":{"line":35,"column":44},"end":{"line":35,"column":52}},"loc":{"start":{"line":35,"column":58},"end":{"line":35,"column":null}},"line":35}},"branchMap":{"0":{"loc":{"start":{"line":30,"column":8},"end":{"line":30,"column":null}},"type":"cond-expr","locations":[{"start":{"line":30,"column":22},"end":{"line":30,"column":82}},{"start":{"line":30,"column":82},"end":{"line":30,"column":null}}],"line":30}},"s":{"0":7,"1":7,"2":7,"3":1,"4":1,"5":1,"6":1,"7":1,"8":1,"9":10,"10":0,"11":0,"12":0,"13":0,"14":0},"f":{"0":7,"1":1,"2":1,"3":1,"4":1,"5":10,"6":0,"7":0,"8":0,"9":0,"10":0},"b":{"0":[1,9]},"meta":{"lastBranch":1,"lastFunction":11,"lastStatement":15,"seen":{"s:13:13:13:Infinity":0,"s:15:13:36:3":1,"f:15:28:15:47":0,"s:15:61:36:3":2,"f:17:2:17:12":1,"s:18:16:18:40":3,"s:19:23:24:Infinity":4,"s:25:4:25:Infinity":5,"f:25:4:25:9":2,"s:25:20:25:53":6,"f:27:2:27:15":3,"s:28:4:32:7":7,"f:28:4:28:9":4,"s:28:20:31:Infinity":8,"f:29:25:29:30":5,"s:30:8:30:Infinity":9,"b:30:22:30:82:30:82:30:Infinity":0,"f:33:2:33:15":6,"s:34:4:34:71":10,"f:34:4:34:9":7,"s:34:20:34:69":11,"f:34:41:34:49":8,"s:34:55:34:67":12,"f:35:2:35:21":9,"s:35:32:35:Infinity":13,"f:35:44:35:52":10,"s:35:58:35:Infinity":14}}}
,"E:\\Proj\\clicking-up\\clicking-up\\apps\\web\\src\\stores\\themeStore.ts": {"path":"E:\\Proj\\clicking-up\\clicking-up\\apps\\web\\src\\stores\\themeStore.ts","statementMap":{"0":{"start":{"line":11,"column":6},"end":{"line":17,"column":null}},"1":{"start":{"line":12,"column":2},"end":{"line":12,"column":null}},"2":{"start":{"line":12,"column":37},"end":{"line":12,"column":null}},"3":{"start":{"line":13,"column":17},"end":{"line":13,"column":58}},"4":{"start":{"line":14,"column":2},"end":{"line":14,"column":null}},"5":{"start":{"line":14,"column":47},"end":{"line":14,"column":null}},"6":{"start":{"line":15,"column":2},"end":{"line":17,"column":null}},"7":{"start":{"line":20,"column":13},"end":{"line":34,"column":3}},"8":{"start":{"line":20,"column":58},"end":{"line":34,"column":3}},"9":{"start":{"line":23,"column":4},"end":{"line":28,"column":null}},"10":{"start":{"line":24,"column":19},"end":{"line":24,"column":null}},"11":{"start":{"line":25,"column":6},"end":{"line":25,"column":null}},"12":{"start":{"line":26,"column":6},"end":{"line":26,"column":null}},"13":{"start":{"line":27,"column":6},"end":{"line":27,"column":null}},"14":{"start":{"line":30,"column":4},"end":{"line":30,"column":null}},"15":{"start":{"line":31,"column":4},"end":{"line":31,"column":null}},"16":{"start":{"line":32,"column":4},"end":{"line":32,"column":null}}},"fnMap":{"0":{"name":"(anonymous_0)","decl":{"start":{"line":11,"column":6},"end":{"line":11,"column":37}},"loc":{"start":{"line":11,"column":37},"end":{"line":17,"column":null}},"line":11},"1":{"name":"(anonymous_1)","decl":{"start":{"line":20,"column":29},"end":{"line":20,"column":49}},"loc":{"start":{"line":20,"column":58},"end":{"line":34,"column":3}},"line":20},"2":{"name":"(anonymous_2)","decl":{"start":{"line":22,"column":2},"end":{"line":22,"column":null}},"loc":{"start":{"line":23,"column":4},"end":{"line":28,"column":null}},"line":23},"3":{"name":"(anonymous_3)","decl":{"start":{"line":23,"column":4},"end":{"line":23,"column":9}},"loc":{"start":{"line":23,"column":19},"end":{"line":28,"column":null}},"line":23},"4":{"name":"(anonymous_4)","decl":{"start":{"line":29,"column":2},"end":{"line":29,"column":13}},"loc":{"start":{"line":29,"column":23},"end":{"line":32,"column":null}},"line":29}},"branchMap":{"0":{"loc":{"start":{"line":12,"column":2},"end":{"line":12,"column":null}},"type":"if","locations":[{"start":{"line":12,"column":2},"end":{"line":12,"column":null}},{"start":{},"end":{}}],"line":12},"1":{"loc":{"start":{"line":14,"column":2},"end":{"line":14,"column":null}},"type":"if","locations":[{"start":{"line":14,"column":2},"end":{"line":14,"column":null}},{"start":{},"end":{}}],"line":14},"2":{"loc":{"start":{"line":14,"column":6},"end":{"line":14,"column":47}},"type":"binary-expr","locations":[{"start":{"line":14,"column":6},"end":{"line":14,"column":28}},{"start":{"line":14,"column":28},"end":{"line":14,"column":47}}],"line":14},"3":{"loc":{"start":{"line":15,"column":9},"end":{"line":17,"column":null}},"type":"cond-expr","locations":[{"start":{"line":16,"column":6},"end":{"line":16,"column":null}},{"start":{"line":17,"column":6},"end":{"line":17,"column":null}}],"line":15},"4":{"loc":{"start":{"line":24,"column":19},"end":{"line":24,"column":null}},"type":"cond-expr","locations":[{"start":{"line":24,"column":45},"end":{"line":24,"column":54}},{"start":{"line":24,"column":54},"end":{"line":24,"column":null}}],"line":24}},"s":{"0":5,"1":5,"2":0,"3":5,"4":5,"5":0,"6":5,"7":5,"8":5,"9":2,"10":2,"11":2,"12":2,"13":2,"14":0,"15":0,"16":0},"f":{"0":5,"1":5,"2":2,"3":2,"4":0},"b":{"0":[0,5],"1":[0,5],"2":[5,5],"3":[0,5],"4":[1,1]},"meta":{"lastBranch":5,"lastFunction":5,"lastStatement":17,"seen":{"s:11:6:17:Infinity":0,"f:11:6:11:37":0,"b:12:2:12:Infinity:undefined:undefined:undefined:undefined":0,"s:12:2:12:Infinity":1,"s:12:37:12:Infinity":2,"s:13:17:13:58":3,"b:14:2:14:Infinity:undefined:undefined:undefined:undefined":1,"s:14:2:14:Infinity":4,"b:14:6:14:28:14:28:14:47":2,"s:14:47:14:Infinity":5,"s:15:2:17:Infinity":6,"b:16:6:16:Infinity:17:6:17:Infinity":3,"s:20:13:34:3":7,"f:20:29:20:49":1,"s:20:58:34:3":8,"f:22:2:22:Infinity":2,"s:23:4:28:Infinity":9,"f:23:4:23:9":3,"s:24:19:24:Infinity":10,"b:24:45:24:54:24:54:24:Infinity":4,"s:25:6:25:Infinity":11,"s:26:6:26:Infinity":12,"s:27:6:27:Infinity":13,"f:29:2:29:13":4,"s:30:4:30:Infinity":14,"s:31:4:31:Infinity":15,"s:32:4:32:Infinity":16}}}
}
